[21/10/2023 10:24:10] Yahyaop25 won Bow (ID: bow, Weight: 25.0) from VOTE CRATE (ID: vote)
[21/10/2023 10:24:11] Yahyaop25 won Iron Chestplate (ID: iron_chestplate, Weight: 25.0) from VOTE CRATE (ID: vote)
[21/10/2023 10:24:12] Yahyaop25 won Crossbow (ID: crossbow, Weight: 25.0) from VOTE CRATE (ID: vote)
[21/10/2023 10:24:12] Yahyaop25 won Diamond Pickaxe (ID: diamond_pickaxe, Weight: 25.0) from VOTE CRATE (ID: vote)
[21/10/2023 10:24:15] Yahyaop25 won Fire key (ID: fire_key, Weight: 25.0) from VOTE CRATE (ID: vote)
[21/10/2023 10:24:15] Yahyaop25 won Crossbow (ID: crossbow, Weight: 25.0) from VOTE CRATE (ID: vote)
[21/10/2023 10:24:15] Yahyaop25 won Bow (ID: bow, Weight: 25.0) from VOTE CRATE (ID: vote)
[21/10/2023 10:24:15] Yahyaop25 won Iron Chestplate (ID: iron_chestplate, Weight: 25.0) from VOTE CRATE (ID: vote)
[21/10/2023 10:24:16] Yahyaop25 won Gold Ingot (ID: gold_ingot, Weight: 25.0) from VOTE CRATE (ID: vote)
[21/10/2023 10:24:16] Yahyaop25 won Diamond (ID: diamond, Weight: 25.0) from VOTE CRATE (ID: vote)
[21/10/2023 10:24:16] Yahyaop25 won Diamond Pickaxe (ID: diamond_pickaxe, Weight: 25.0) from VOTE CRATE (ID: vote)
[21/10/2023 12:19:34] Yahyaop25 won 2000$ (ID: 2000$, Weight: 25.0) from ECONOMY CRATE (ID: economy)
[21/10/2023 12:19:44] Yahyaop25 won 23K$ (ID: 23k$, Weight: 25.0) from ECONOMY CRATE (ID: economy)
[21/10/2023 12:19:44] Yahyaop25 won 33.5K$ (ID: 33.5k$, Weight: 25.0) from ECONOMY CRATE (ID: economy)
[21/10/2023 12:19:44] Yahyaop25 won 45K$ (ID: 45k$, Weight: 25.0) from ECONOMY CRATE (ID: economy)
[21/10/2023 12:19:44] Yahyaop25 won 17K$ (ID: 17k$, Weight: 25.0) from ECONOMY CRATE (ID: economy)
[21/10/2023 12:19:45] Yahyaop25 won 26K$ (ID: 26k$, Weight: 25.0) from ECONOMY CRATE (ID: economy)
[21/10/2023 12:19:46] Yahyaop25 won 5000$ (ID: 5000$, Weight: 25.0) from ECONOMY CRATE (ID: economy)
[21/10/2023 16:26:53] Yahyaop25 won Crossbow (ID: crossbow, Weight: 25.0) from INSANE CRATE (ID: insane)
[21/10/2023 16:26:55] Yahyaop25 won Legendary key (ID: legendary_key, Weight: 25.0) from INSANE CRATE (ID: insane)
[21/10/2023 16:26:56] Yahyaop25 won Shield (ID: shield, Weight: 25.0) from INSANE CRATE (ID: insane)
[21/10/2023 16:26:57] Yahyaop25 won Obsidian (ID: obsidian, Weight: 25.0) from INSANE CRATE (ID: insane)
[21/10/2023 16:26:58] Yahyaop25 won Diamond Axe (ID: diamond_axe, Weight: 25.0) from INSANE CRATE (ID: insane)
[21/10/2023 16:26:59] Yahyaop25 won Diamond Boots (ID: diamond_boots, Weight: 25.0) from INSANE CRATE (ID: insane)
[21/10/2023 16:26:59] Yahyaop25 won Trident (ID: trident, Weight: 25.0) from INSANE CRATE (ID: insane)
[21/10/2023 16:27:00] Yahyaop25 won Shield (ID: shield, Weight: 25.0) from INSANE CRATE (ID: insane)
[21/10/2023 16:27:01] Yahyaop25 won Elytra (ID: elytra, Weight: 25.0) from INSANE CRATE (ID: insane)
[21/10/2023 16:27:21] Yahyaop25 won Bow (ID: bow, Weight: 25.0) from INSANE CRATE (ID: insane)
[21/10/2023 16:27:22] Yahyaop25 won Obsidian (ID: obsidian, Weight: 25.0) from INSANE CRATE (ID: insane)
[21/10/2023 16:27:23] Yahyaop25 won 15000$ (ID: 15000$, Weight: 25.0) from INSANE CRATE (ID: insane)
[21/10/2023 16:27:24] Yahyaop25 won 15000$ (ID: 15000$, Weight: 25.0) from INSANE CRATE (ID: insane)
[21/10/2023 16:27:25] Yahyaop25 won Diamond Sword (ID: diamond_sword, Weight: 25.0) from INSANE CRATE (ID: insane)
[21/10/2023 16:27:25] Yahyaop25 won Enchanted Golden Apple (ID: enchanted_golden_apple, Weight: 25.0) from INSANE CRATE (ID: insane)
[21/10/2023 16:27:26] Yahyaop25 won Elytra (ID: elytra, Weight: 25.0) from INSANE CRATE (ID: insane)
[21/10/2023 16:27:27] Yahyaop25 won Trident (ID: trident, Weight: 25.0) from INSANE CRATE (ID: insane)
[21/10/2023 16:27:27] Yahyaop25 won Elytra (ID: elytra, Weight: 25.0) from INSANE CRATE (ID: insane)
[21/10/2023 16:27:28] Yahyaop25 won Enchanted Golden Apple (ID: enchanted_golden_apple, Weight: 25.0) from INSANE CRATE (ID: insane)
[21/10/2023 16:27:43] Yahyaop25 won Golden Apple (ID: golden_apple, Weight: 25.0) from INSANE CRATE (ID: insane)
[21/10/2023 16:27:44] Yahyaop25 won Diamond Helmet (ID: diamond_helmet, Weight: 25.0) from INSANE CRATE (ID: insane)
[21/10/2023 16:27:45] Yahyaop25 won Legendary key (ID: legendary_key, Weight: 25.0) from INSANE CRATE (ID: insane)
[21/10/2023 16:27:45] Yahyaop25 won Enchanted Golden Apple (ID: enchanted_golden_apple, Weight: 25.0) from INSANE CRATE (ID: insane)
[21/10/2023 16:27:45] Yahyaop25 won End Crystal (ID: end_crystal, Weight: 25.0) from INSANE CRATE (ID: insane)
[21/10/2023 16:34:49] Yahyaop25 won Diamond Pickaxe (ID: diamond_pickaxe, Weight: 25.0) from INSANE CRATE (ID: insane)
[21/10/2023 16:34:51] Yahyaop25 won Block of Diamond (ID: block_of_diamond, Weight: 25.0) from INSANE CRATE (ID: insane)
[21/10/2023 16:35:05] Yahyaop25 won 20000$ (ID: 20000$, Weight: 25.0) from INSANE CRATE (ID: insane)
[21/10/2023 16:35:05] Yahyaop25 won Economy key (ID: economy_key, Weight: 25.0) from INSANE CRATE (ID: insane)
[21/10/2023 16:35:06] Yahyaop25 won Crossbow (ID: crossbow, Weight: 25.0) from INSANE CRATE (ID: insane)
[21/10/2023 16:35:06] Yahyaop25 won Diamond Sword (ID: diamond_sword, Weight: 25.0) from INSANE CRATE (ID: insane)
[21/10/2023 16:35:07] Yahyaop25 won Diamond Axe (ID: diamond_axe, Weight: 25.0) from INSANE CRATE (ID: insane)
[21/10/2023 16:35:08] Yahyaop25 won Diamond Sword (ID: diamond_sword, Weight: 25.0) from INSANE CRATE (ID: insane)
[21/10/2023 16:35:09] Yahyaop25 won Diamond Leggings (ID: diamond_leggings, Weight: 25.0) from INSANE CRATE (ID: insane)
[21/10/2023 16:35:25] Yahyaop25 won Economy key (ID: economy_key, Weight: 25.0) from INSANE CRATE (ID: insane)
[21/10/2023 16:35:25] Yahyaop25 won 20000$ (ID: 20000$, Weight: 25.0) from INSANE CRATE (ID: insane)
[21/10/2023 16:35:25] Yahyaop25 won Diamond Pickaxe (ID: diamond_pickaxe, Weight: 25.0) from INSANE CRATE (ID: insane)
[21/10/2023 16:35:25] Yahyaop25 won Diamond Boots (ID: diamond_boots, Weight: 25.0) from INSANE CRATE (ID: insane)
[21/10/2023 16:35:25] Yahyaop25 won Economy key (ID: economy_key, Weight: 25.0) from INSANE CRATE (ID: insane)
[21/10/2023 16:35:25] Yahyaop25 won Diamond Pickaxe (ID: diamond_pickaxe, Weight: 25.0) from INSANE CRATE (ID: insane)
[21/10/2023 16:35:26] Yahyaop25 won Crossbow (ID: crossbow, Weight: 25.0) from INSANE CRATE (ID: insane)
[21/10/2023 16:35:26] Yahyaop25 won Diamond Boots (ID: diamond_boots, Weight: 25.0) from INSANE CRATE (ID: insane)
[21/10/2023 16:35:26] Yahyaop25 won Shield (ID: shield, Weight: 25.0) from INSANE CRATE (ID: insane)
[21/10/2023 16:35:26] Yahyaop25 won Diamond Leggings (ID: diamond_leggings, Weight: 25.0) from INSANE CRATE (ID: insane)
[21/10/2023 16:35:26] Yahyaop25 won Economy key (ID: economy_key, Weight: 25.0) from INSANE CRATE (ID: insane)
[21/10/2023 16:35:26] Yahyaop25 won 15000$ (ID: 15000$, Weight: 25.0) from INSANE CRATE (ID: insane)
[21/10/2023 16:35:27] Yahyaop25 won Diamond Sword (ID: diamond_sword, Weight: 25.0) from INSANE CRATE (ID: insane)
[21/10/2023 16:35:27] Yahyaop25 won Enchanted Golden Apple (ID: enchanted_golden_apple, Weight: 25.0) from INSANE CRATE (ID: insane)
[21/10/2023 16:35:27] Yahyaop25 won Legendary key (ID: legendary_key, Weight: 25.0) from INSANE CRATE (ID: insane)
[21/10/2023 16:35:27] Yahyaop25 won Economy key (ID: economy_key, Weight: 25.0) from INSANE CRATE (ID: insane)
[21/10/2023 16:35:27] Yahyaop25 won Obsidian (ID: obsidian, Weight: 25.0) from INSANE CRATE (ID: insane)
[21/10/2023 16:35:27] Yahyaop25 won Block of Diamond (ID: block_of_diamond, Weight: 25.0) from INSANE CRATE (ID: insane)
[21/10/2023 16:35:28] Yahyaop25 won Block of Diamond (ID: block_of_diamond, Weight: 25.0) from INSANE CRATE (ID: insane)
[21/10/2023 16:35:28] Yahyaop25 won Golden Carrot (ID: golden_carrot, Weight: 25.0) from INSANE CRATE (ID: insane)
[21/10/2023 16:35:28] Yahyaop25 won Enchanted Golden Apple (ID: enchanted_golden_apple, Weight: 25.0) from INSANE CRATE (ID: insane)
[21/10/2023 16:36:07] Yahyaop25 won Diamond Axe (ID: diamond_axe, Weight: 25.0) from INSANE CRATE (ID: insane)
[21/10/2023 16:36:08] Yahyaop25 won Trident (ID: trident, Weight: 25.0) from INSANE CRATE (ID: insane)
[21/10/2023 16:36:10] Yahyaop25 won 15000$ (ID: 15000$, Weight: 25.0) from INSANE CRATE (ID: insane)
[21/10/2023 16:36:11] Yahyaop25 won Diamond Helmet (ID: diamond_helmet, Weight: 25.0) from INSANE CRATE (ID: insane)
[21/10/2023 16:36:12] Yahyaop25 won 15000$ (ID: 15000$, Weight: 25.0) from INSANE CRATE (ID: insane)
[21/10/2023 16:36:12] Yahyaop25 won Diamond Pickaxe (ID: diamond_pickaxe, Weight: 25.0) from INSANE CRATE (ID: insane)
[21/10/2023 16:36:12] Yahyaop25 won Block of Diamond (ID: block_of_diamond, Weight: 25.0) from INSANE CRATE (ID: insane)
[21/10/2023 16:36:13] Yahyaop25 won Elytra (ID: elytra, Weight: 25.0) from INSANE CRATE (ID: insane)
[21/10/2023 16:36:13] Yahyaop25 won Block of Diamond (ID: block_of_diamond, Weight: 25.0) from INSANE CRATE (ID: insane)
[21/10/2023 16:36:13] Yahyaop25 won Elytra (ID: elytra, Weight: 25.0) from INSANE CRATE (ID: insane)
[21/10/2023 16:36:13] Yahyaop25 won Diamond Axe (ID: diamond_axe, Weight: 25.0) from INSANE CRATE (ID: insane)
[21/10/2023 16:36:13] Yahyaop25 won End Crystal (ID: end_crystal, Weight: 25.0) from INSANE CRATE (ID: insane)
[21/10/2023 16:36:13] Yahyaop25 won Shield (ID: shield, Weight: 25.0) from INSANE CRATE (ID: insane)
[21/10/2023 16:36:13] Yahyaop25 won 20000$ (ID: 20000$, Weight: 25.0) from INSANE CRATE (ID: insane)
[21/10/2023 16:36:14] Yahyaop25 won Block of Netherite (ID: block_of_netherite, Weight: 25.0) from INSANE CRATE (ID: insane)
[21/10/2023 16:36:14] Yahyaop25 won Diamond Leggings (ID: diamond_leggings, Weight: 25.0) from INSANE CRATE (ID: insane)
[21/10/2023 16:36:14] Yahyaop25 won 15000$ (ID: 15000$, Weight: 25.0) from INSANE CRATE (ID: insane)
[21/10/2023 16:36:24] Yahyaop25 won Crossbow (ID: crossbow, Weight: 25.0) from INSANE CRATE (ID: insane)
[21/10/2023 16:36:25] Yahyaop25 won 20000$ (ID: 20000$, Weight: 25.0) from INSANE CRATE (ID: insane)
[21/10/2023 16:39:38] Yahyaop25 won Economy key (ID: economy_key, Weight: 25.0) from INSANE CRATE (ID: insane)
[21/10/2023 16:39:39] Yahyaop25 won Bow (ID: bow, Weight: 25.0) from INSANE CRATE (ID: insane)
[21/10/2023 16:39:41] Yahyaop25 won Elytra (ID: elytra, Weight: 25.0) from INSANE CRATE (ID: insane)
[21/10/2023 16:39:43] Yahyaop25 won Block of Netherite (ID: block_of_netherite, Weight: 25.0) from INSANE CRATE (ID: insane)
[21/10/2023 16:39:44] Yahyaop25 won Diamond Leggings (ID: diamond_leggings, Weight: 25.0) from INSANE CRATE (ID: insane)
[21/10/2023 16:39:45] Yahyaop25 won Diamond Chestplate (ID: diamond_chestplate, Weight: 25.0) from INSANE CRATE (ID: insane)
[21/10/2023 16:39:45] Yahyaop25 won Golden Apple (ID: golden_apple, Weight: 25.0) from INSANE CRATE (ID: insane)
[21/10/2023 17:03:48] Yahyaop25 won 50K$ (ID: 50k$, Weight: 25.0) from ECONOMY CRATE (ID: economy)
[21/10/2023 17:04:33] Yahyaop25 won 20000$ (ID: 20000$, Weight: 25.0) from LEGENDARY CRATE (ID: legendary)
[12/11/2023 08:00:53] ItzOverWolf won Diamond Helmet (ID: diamond_helmet, Weight: 25.0) from VOTE CRATE (ID: vote)
[12/11/2023 08:00:54] ItzOverWolf won Economy key (ID: economy_key, Weight: 25.0) from VOTE CRATE (ID: vote)
[12/11/2023 08:00:57] ItzOverWolf won 3500$ (ID: 3500$, Weight: 25.0) from ECONOMY CRATE (ID: economy)
[12/11/2023 08:01:19] ItzOverWolf won Crossbow (ID: crossbow, Weight: 25.0) from INSANE CRATE (ID: insane)
[12/11/2023 08:01:19] ItzOverWolf won Diamond Chestplate (ID: diamond_chestplate, Weight: 25.0) from INSANE CRATE (ID: insane)
[12/11/2023 08:01:19] ItzOverWolf won End Crystal (ID: end_crystal, Weight: 25.0) from INSANE CRATE (ID: insane)
[12/11/2023 08:01:19] ItzOverWolf won Diamond Sword (ID: diamond_sword, Weight: 25.0) from INSANE CRATE (ID: insane)
[12/11/2023 08:01:20] ItzOverWolf won Diamond Leggings (ID: diamond_leggings, Weight: 25.0) from INSANE CRATE (ID: insane)
[12/11/2023 08:01:20] ItzOverWolf won Crossbow (ID: crossbow, Weight: 25.0) from INSANE CRATE (ID: insane)
[12/11/2023 08:01:20] ItzOverWolf won Obsidian (ID: obsidian, Weight: 25.0) from INSANE CRATE (ID: insane)
[12/11/2023 08:01:20] ItzOverWolf won Golden Apple (ID: golden_apple, Weight: 25.0) from INSANE CRATE (ID: insane)
[12/11/2023 08:01:20] ItzOverWolf won Diamond Sword (ID: diamond_sword, Weight: 25.0) from INSANE CRATE (ID: insane)
[12/11/2023 08:01:21] ItzOverWolf won Enchanted Golden Apple (ID: enchanted_golden_apple, Weight: 25.0) from INSANE CRATE (ID: insane)
[12/11/2023 08:01:21] ItzOverWolf won Legendary key (ID: legendary_key, Weight: 25.0) from INSANE CRATE (ID: insane)
[12/11/2023 08:01:21] ItzOverWolf won Diamond Chestplate (ID: diamond_chestplate, Weight: 25.0) from INSANE CRATE (ID: insane)
[12/11/2023 08:01:21] ItzOverWolf won End Crystal (ID: end_crystal, Weight: 25.0) from INSANE CRATE (ID: insane)
[12/11/2023 08:01:21] ItzOverWolf won Shield (ID: shield, Weight: 25.0) from INSANE CRATE (ID: insane)
[12/11/2023 08:01:45] ItzOverWolf won Diamond Pickaxe (ID: diamond_pickaxe, Weight: 25.0) from VOTE CRATE (ID: vote)
[12/11/2023 08:01:46] ItzOverWolf won Diamond Sword (ID: diamond_sword, Weight: 25.0) from VOTE CRATE (ID: vote)
[12/11/2023 08:01:46] ItzOverWolf won Water Bucket (ID: water_bucket, Weight: 25.0) from VOTE CRATE (ID: vote)
[12/11/2023 08:01:46] ItzOverWolf won Diamond Sword (ID: diamond_sword, Weight: 25.0) from VOTE CRATE (ID: vote)
[12/11/2023 08:01:46] ItzOverWolf won Water Bucket (ID: water_bucket, Weight: 25.0) from VOTE CRATE (ID: vote)
[12/11/2023 08:01:46] ItzOverWolf won Fire key (ID: fire_key, Weight: 25.0) from VOTE CRATE (ID: vote)
[12/11/2023 08:01:47] ItzOverWolf won Pig Spawn Egg (ID: pig_spawn_egg, Weight: 25.0) from VOTE CRATE (ID: vote)
[12/11/2023 08:01:47] ItzOverWolf won Crossbow (ID: crossbow, Weight: 25.0) from VOTE CRATE (ID: vote)
[12/11/2023 08:01:47] ItzOverWolf won Cow Spawn Egg (ID: cow_spawn_egg, Weight: 25.0) from VOTE CRATE (ID: vote)
[12/11/2023 08:01:47] ItzOverWolf won Iron Chestplate (ID: iron_chestplate, Weight: 25.0) from VOTE CRATE (ID: vote)
[12/11/2023 08:01:48] ItzOverWolf won Fire key (ID: fire_key, Weight: 25.0) from VOTE CRATE (ID: vote)
[12/11/2023 08:03:55] ItzOverWolf won Economy key (ID: economy_key, Weight: 25.0) from FIRE CRATE (ID: fire)
[12/11/2023 08:03:58] ItzOverWolf won 43K$ (ID: 43k$, Weight: 25.0) from ECONOMY CRATE (ID: economy)
[12/11/2023 08:04:05] ItzOverWolf won Arrow (ID: arrow, Weight: 25.0) from FIRE CRATE (ID: fire)
[12/11/2023 08:46:16] ItzOverWolf won Spectral Arrow (ID: spectral_arrow, Weight: 25.0) from VOTE CRATE (ID: vote)
[12/11/2023 09:02:34] ItzOverWolf won Crossbow (ID: crossbow, Weight: 25.0) from VOTE CRATE (ID: vote)
[12/11/2023 09:02:35] ItzOverWolf won Diamond Leggings (ID: diamond_leggings, Weight: 25.0) from VOTE CRATE (ID: vote)
[12/11/2023 09:02:35] ItzOverWolf won Name Tag (ID: name_tag, Weight: 25.0) from VOTE CRATE (ID: vote)
[12/11/2023 09:02:36] ItzOverWolf won Chicken Spawn Egg (ID: chicken_spawn_egg, Weight: 25.0) from VOTE CRATE (ID: vote)
[12/11/2023 09:02:36] ItzOverWolf won Economy key (ID: economy_key, Weight: 25.0) from VOTE CRATE (ID: vote)
[12/11/2023 09:02:39] ItzOverWolf won Diamond Pickaxe (ID: diamond_pickaxe, Weight: 25.0) from FIRE CRATE (ID: fire)
[12/11/2023 09:02:39] ItzOverWolf won Economy key (ID: economy_key, Weight: 25.0) from FIRE CRATE (ID: fire)
[12/11/2023 09:02:40] ItzOverWolf won Diamond Sword (ID: diamond_sword, Weight: 25.0) from FIRE CRATE (ID: fire)
[12/11/2023 09:02:41] ItzOverWolf won Enchanted Golden Apple (ID: enchanted_golden_apple, Weight: 25.0) from INSANE CRATE (ID: insane)
[14/11/2023 11:12:13] JiniMaestro won 40K$ (ID: 40k$, Weight: 25.0) from ECONOMY CRATE (ID: economy)
[14/11/2023 11:12:18] JiniMaestro won 37K$ (ID: 37k$, Weight: 25.0) from ECONOMY CRATE (ID: economy)
[14/11/2023 11:12:20] JiniMaestro won 5000$ (ID: 5000$, Weight: 25.0) from ECONOMY CRATE (ID: economy)
[14/11/2023 11:12:33] JiniMaestro won 29K$ (ID: 29k$, Weight: 25.0) from ECONOMY CRATE (ID: economy)
[14/11/2023 11:12:33] JiniMaestro won 50K$ (ID: 50k$, Weight: 25.0) from ECONOMY CRATE (ID: economy)
[14/11/2023 11:12:34] JiniMaestro won 3500$ (ID: 3500$, Weight: 25.0) from ECONOMY CRATE (ID: economy)
[14/11/2023 11:12:35] JiniMaestro won 1000$ (ID: 1000$, Weight: 25.0) from ECONOMY CRATE (ID: economy)
[14/11/2023 11:12:35] JiniMaestro won 40K$ (ID: 40k$, Weight: 25.0) from ECONOMY CRATE (ID: economy)
[14/11/2023 11:12:35] JiniMaestro won 48K$ (ID: 48k$, Weight: 25.0) from ECONOMY CRATE (ID: economy)
[14/11/2023 11:12:36] JiniMaestro won 11K$ (ID: 11k$, Weight: 25.0) from ECONOMY CRATE (ID: economy)
[14/11/2023 11:12:53] JiniMaestro won Diamond Leggings (ID: diamond_leggings, Weight: 25.0) from VOTE CRATE (ID: vote)
[14/11/2023 19:16:54] ItzOverWolf won Fire key (ID: fire_key, Weight: 25.0) from VOTE CRATE (ID: vote)
[14/11/2023 19:16:55] ItzOverWolf won Name Tag (ID: name_tag, Weight: 25.0) from VOTE CRATE (ID: vote)
[14/11/2023 19:16:55] ItzOverWolf won Diamond Pickaxe (ID: diamond_pickaxe, Weight: 25.0) from VOTE CRATE (ID: vote)
[14/11/2023 19:16:55] ItzOverWolf won Economy key (ID: economy_key, Weight: 25.0) from VOTE CRATE (ID: vote)
[14/11/2023 19:16:55] ItzOverWolf won Roast Chicken (ID: roast_chicken, Weight: 25.0) from VOTE CRATE (ID: vote)
[14/11/2023 19:16:55] ItzOverWolf won Water Bucket (ID: water_bucket, Weight: 25.0) from VOTE CRATE (ID: vote)
[14/11/2023 19:16:56] ItzOverWolf won Bow (ID: bow, Weight: 25.0) from VOTE CRATE (ID: vote)
[14/11/2023 19:16:56] ItzOverWolf won Pig Spawn Egg (ID: pig_spawn_egg, Weight: 25.0) from VOTE CRATE (ID: vote)
[14/11/2023 19:16:56] ItzOverWolf won Cow Spawn Egg (ID: cow_spawn_egg, Weight: 25.0) from VOTE CRATE (ID: vote)
[14/11/2023 19:16:56] ItzOverWolf won Iron Chestplate (ID: iron_chestplate, Weight: 25.0) from VOTE CRATE (ID: vote)
[14/11/2023 19:16:56] ItzOverWolf won Diamond Pickaxe (ID: diamond_pickaxe, Weight: 25.0) from VOTE CRATE (ID: vote)
[14/11/2023 19:16:57] ItzOverWolf won Fire key (ID: fire_key, Weight: 25.0) from VOTE CRATE (ID: vote)
[14/11/2023 19:16:57] ItzOverWolf won Pig Spawn Egg (ID: pig_spawn_egg, Weight: 25.0) from VOTE CRATE (ID: vote)
[14/11/2023 19:17:02] ItzOverWolf won Diamond Boots (ID: diamond_boots, Weight: 25.0) from FIRE CRATE (ID: fire)
[14/11/2023 19:17:02] ItzOverWolf won Economy key (ID: economy_key, Weight: 25.0) from FIRE CRATE (ID: fire)
[14/11/2023 19:17:04] ItzOverWolf won 3500$ (ID: 3500$, Weight: 25.0) from ECONOMY CRATE (ID: economy)
[14/11/2023 19:17:04] ItzOverWolf won 17K$ (ID: 17k$, Weight: 25.0) from ECONOMY CRATE (ID: economy)
[14/11/2023 19:26:07] ItzOverWolf won Cow Spawn Egg (ID: cow_spawn_egg, Weight: 25.0) from VOTE CRATE (ID: vote)
[14/11/2023 19:26:08] ItzOverWolf won Chicken Spawn Egg (ID: chicken_spawn_egg, Weight: 25.0) from VOTE CRATE (ID: vote)
[14/11/2023 19:26:08] ItzOverWolf won Diamond Leggings (ID: diamond_leggings, Weight: 25.0) from VOTE CRATE (ID: vote)
[14/11/2023 19:26:08] ItzOverWolf won Bow (ID: bow, Weight: 25.0) from VOTE CRATE (ID: vote)
[14/11/2023 19:26:09] ItzOverWolf won Diamond Leggings (ID: diamond_leggings, Weight: 25.0) from VOTE CRATE (ID: vote)
[14/11/2023 19:26:09] ItzOverWolf won Name Tag (ID: name_tag, Weight: 25.0) from VOTE CRATE (ID: vote)
[14/11/2023 19:26:09] ItzOverWolf won Diamond Helmet (ID: diamond_helmet, Weight: 25.0) from VOTE CRATE (ID: vote)
[14/11/2023 19:26:09] ItzOverWolf won Diamond Helmet (ID: diamond_helmet, Weight: 25.0) from VOTE CRATE (ID: vote)
[14/11/2023 19:26:09] ItzOverWolf won Diamond (ID: diamond, Weight: 25.0) from VOTE CRATE (ID: vote)
[14/11/2023 19:26:10] ItzOverWolf won Crossbow (ID: crossbow, Weight: 25.0) from VOTE CRATE (ID: vote)
[14/11/2023 19:26:10] ItzOverWolf won Diamond Pickaxe (ID: diamond_pickaxe, Weight: 25.0) from VOTE CRATE (ID: vote)
[14/11/2023 19:26:10] ItzOverWolf won Iron Chestplate (ID: iron_chestplate, Weight: 25.0) from VOTE CRATE (ID: vote)
[14/11/2023 19:26:10] ItzOverWolf won Block of Iron (ID: block_of_iron, Weight: 25.0) from VOTE CRATE (ID: vote)
[14/11/2023 19:26:18] ItzOverWolf won Diamond Sword (ID: diamond_sword, Weight: 25.0) from FIRE CRATE (ID: fire)
[14/11/2023 19:26:18] ItzOverWolf won Economy key (ID: economy_key, Weight: 25.0) from FIRE CRATE (ID: fire)
[14/11/2023 19:26:19] ItzOverWolf won Economy key (ID: economy_key, Weight: 25.0) from FIRE CRATE (ID: fire)
[14/11/2023 19:26:19] ItzOverWolf won Insane key (ID: insane_key, Weight: 25.0) from FIRE CRATE (ID: fire)
[14/11/2023 19:26:19] ItzOverWolf won Emerald (ID: emerald, Weight: 25.0) from FIRE CRATE (ID: fire)
[14/11/2023 19:26:19] ItzOverWolf won Bell (ID: bell, Weight: 25.0) from FIRE CRATE (ID: fire)
[14/11/2023 19:26:19] ItzOverWolf won Gold Ingot (ID: gold_ingot, Weight: 25.0) from FIRE CRATE (ID: fire)
[14/11/2023 19:26:20] ItzOverWolf won Diamond (ID: diamond, Weight: 25.0) from FIRE CRATE (ID: fire)
[14/11/2023 19:26:20] ItzOverWolf won Diamond (ID: diamond, Weight: 25.0) from FIRE CRATE (ID: fire)
[14/11/2023 19:26:20] ItzOverWolf won Diamond Helmet (ID: diamond_helmet, Weight: 25.0) from FIRE CRATE (ID: fire)
[14/11/2023 19:26:20] ItzOverWolf won Emerald (ID: emerald, Weight: 25.0) from FIRE CRATE (ID: fire)
[14/11/2023 19:26:20] ItzOverWolf won Ender Chest (ID: ender_chest, Weight: 25.0) from FIRE CRATE (ID: fire)
[14/11/2023 19:26:21] ItzOverWolf won Iron Ingot (ID: iron_ingot, Weight: 25.0) from FIRE CRATE (ID: fire)
[14/11/2023 19:26:21] ItzOverWolf won Iron Ingot (ID: iron_ingot, Weight: 25.0) from FIRE CRATE (ID: fire)
[14/11/2023 19:26:27] ItzOverWolf won Diamond Pickaxe (ID: diamond_pickaxe, Weight: 25.0) from INSANE CRATE (ID: insane)
[14/11/2023 19:26:28] ItzOverWolf won Block of Diamond (ID: block_of_diamond, Weight: 25.0) from INSANE CRATE (ID: insane)
[14/11/2023 19:26:28] ItzOverWolf won Golden Carrot (ID: golden_carrot, Weight: 25.0) from INSANE CRATE (ID: insane)
[14/11/2023 19:26:28] ItzOverWolf won 15000$ (ID: 15000$, Weight: 25.0) from INSANE CRATE (ID: insane)
[14/11/2023 19:26:28] ItzOverWolf won Diamond Pickaxe (ID: diamond_pickaxe, Weight: 25.0) from INSANE CRATE (ID: insane)
[14/11/2023 19:26:28] ItzOverWolf won Trident (ID: trident, Weight: 25.0) from INSANE CRATE (ID: insane)
[14/11/2023 19:55:59] ItzOverWolf won Economy key (ID: economy_key, Weight: 25.0) from FIRE CRATE (ID: fire)
[14/11/2023 19:56:01] ItzOverWolf won 14K$ (ID: 14k$, Weight: 25.0) from ECONOMY CRATE (ID: economy)
[14/11/2023 19:56:01] ItzOverWolf won Splash Potion (ID: splash_potion1, Weight: 25.0) from FIRE CRATE (ID: fire)
[14/11/2023 19:56:02] ItzOverWolf won Golden Carrot (ID: golden_carrot, Weight: 25.0) from FIRE CRATE (ID: fire)
[14/11/2023 19:56:03] ItzOverWolf won Economy key (ID: economy_key, Weight: 25.0) from FIRE CRATE (ID: fire)
[14/11/2023 19:56:03] ItzOverWolf won Diamond Axe (ID: diamond_axe, Weight: 25.0) from FIRE CRATE (ID: fire)
[14/11/2023 19:56:03] ItzOverWolf won Gold Ingot (ID: gold_ingot, Weight: 25.0) from FIRE CRATE (ID: fire)
[14/11/2023 19:56:04] ItzOverWolf won Insane key (ID: insane_key, Weight: 25.0) from FIRE CRATE (ID: fire)
[14/11/2023 19:56:04] ItzOverWolf won Diamond Boots (ID: diamond_boots, Weight: 25.0) from FIRE CRATE (ID: fire)
[14/11/2023 19:56:04] ItzOverWolf won Economy key (ID: economy_key, Weight: 25.0) from FIRE CRATE (ID: fire)
[14/11/2023 19:56:04] ItzOverWolf won Totem of Undying (ID: totem_of_undying, Weight: 25.0) from FIRE CRATE (ID: fire)
[14/11/2023 19:56:04] ItzOverWolf won Shield (ID: shield, Weight: 25.0) from FIRE CRATE (ID: fire)
[14/11/2023 19:56:05] ItzOverWolf won Economy key (ID: economy_key, Weight: 25.0) from FIRE CRATE (ID: fire)
[14/11/2023 19:56:05] ItzOverWolf won Ender Chest (ID: ender_chest, Weight: 25.0) from FIRE CRATE (ID: fire)
[14/11/2023 19:56:13] ItzOverWolf won Trident (ID: trident, Weight: 25.0) from INSANE CRATE (ID: insane)
[14/11/2023 19:56:13] ItzOverWolf won Golden Carrot (ID: golden_carrot, Weight: 25.0) from INSANE CRATE (ID: insane)
[14/11/2023 19:56:13] ItzOverWolf won Bow (ID: bow, Weight: 25.0) from INSANE CRATE (ID: insane)
[14/11/2023 19:56:13] ItzOverWolf won Obsidian (ID: obsidian, Weight: 25.0) from INSANE CRATE (ID: insane)
[14/11/2023 19:56:14] ItzOverWolf won Diamond Pickaxe (ID: diamond_pickaxe, Weight: 25.0) from INSANE CRATE (ID: insane)
[14/11/2023 19:56:14] ItzOverWolf won Diamond Helmet (ID: diamond_helmet, Weight: 25.0) from INSANE CRATE (ID: insane)
[14/11/2023 19:56:14] ItzOverWolf won Block of Netherite (ID: block_of_netherite, Weight: 25.0) from INSANE CRATE (ID: insane)
[14/11/2023 19:56:14] ItzOverWolf won Obsidian (ID: obsidian, Weight: 25.0) from INSANE CRATE (ID: insane)
[14/11/2023 19:56:14] ItzOverWolf won Diamond Sword (ID: diamond_sword, Weight: 25.0) from INSANE CRATE (ID: insane)
[14/11/2023 19:56:15] ItzOverWolf won Villager Spawn Egg (ID: villager_spawn_egg, Weight: 25.0) from INSANE CRATE (ID: insane)
[14/11/2023 19:56:15] ItzOverWolf won Obsidian (ID: obsidian, Weight: 25.0) from INSANE CRATE (ID: insane)
[14/11/2023 19:56:15] ItzOverWolf won Enchanted Golden Apple (ID: enchanted_golden_apple, Weight: 25.0) from INSANE CRATE (ID: insane)
[14/11/2023 19:56:15] ItzOverWolf won Diamond Axe (ID: diamond_axe, Weight: 25.0) from INSANE CRATE (ID: insane)
[14/11/2023 19:56:15] ItzOverWolf won Trident (ID: trident, Weight: 25.0) from INSANE CRATE (ID: insane)
[14/11/2023 19:56:23] ItzOverWolf won Economy key (ID: economy_key, Weight: 25.0) from VOTE CRATE (ID: vote)
[14/11/2023 19:56:23] ItzOverWolf won 14K$ (ID: 14k$, Weight: 25.0) from ECONOMY CRATE (ID: economy)
[14/11/2023 19:56:23] ItzOverWolf won Emerald (ID: emerald, Weight: 25.0) from VOTE CRATE (ID: vote)
[14/11/2023 19:56:23] ItzOverWolf won 26K$ (ID: 26k$, Weight: 25.0) from ECONOMY CRATE (ID: economy)
[14/11/2023 19:56:27] ItzOverWolf won Diamond Sword (ID: diamond_sword, Weight: 25.0) from VOTE CRATE (ID: vote)
[14/11/2023 19:56:27] ItzOverWolf won 14K$ (ID: 14k$, Weight: 25.0) from ECONOMY CRATE (ID: economy)
[14/11/2023 19:56:27] ItzOverWolf won Gold Ingot (ID: gold_ingot, Weight: 25.0) from VOTE CRATE (ID: vote)
[14/11/2023 19:56:27] ItzOverWolf won 23K$ (ID: 23k$, Weight: 25.0) from ECONOMY CRATE (ID: economy)
[14/11/2023 19:56:27] ItzOverWolf won Iron Chestplate (ID: iron_chestplate, Weight: 25.0) from VOTE CRATE (ID: vote)
[15/11/2023 11:39:23] ItzOverWolf won Totem of Undying (ID: totem_of_undying, Weight: 25.0) from FIRE CRATE (ID: fire)
[15/11/2023 11:39:23] ItzOverWolf won Insane key (ID: insane_key, Weight: 25.0) from FIRE CRATE (ID: fire)
[15/11/2023 11:39:24] ItzOverWolf won Diamond Chestplate (ID: diamond_chestplate, Weight: 25.0) from FIRE CRATE (ID: fire)
[15/11/2023 11:39:24] ItzOverWolf won Economy key (ID: economy_key, Weight: 25.0) from FIRE CRATE (ID: fire)
[15/11/2023 11:39:24] ItzOverWolf won Diamond Pickaxe (ID: diamond_pickaxe, Weight: 25.0) from FIRE CRATE (ID: fire)
[15/11/2023 11:39:24] ItzOverWolf won Cooked Mutton (ID: cooked_mutton, Weight: 25.0) from FIRE CRATE (ID: fire)
[15/11/2023 11:39:24] ItzOverWolf won Insane key (ID: insane_key, Weight: 25.0) from FIRE CRATE (ID: fire)
[15/11/2023 11:39:25] ItzOverWolf won Emerald (ID: emerald, Weight: 25.0) from FIRE CRATE (ID: fire)
[15/11/2023 11:39:25] ItzOverWolf won Insane key (ID: insane_key, Weight: 25.0) from FIRE CRATE (ID: fire)
[15/11/2023 11:39:25] ItzOverWolf won Insane key (ID: insane_key, Weight: 25.0) from FIRE CRATE (ID: fire)
[15/11/2023 11:39:25] ItzOverWolf won Bell (ID: bell, Weight: 25.0) from FIRE CRATE (ID: fire)
[15/11/2023 11:39:25] ItzOverWolf won Diamond Leggings (ID: diamond_leggings, Weight: 25.0) from FIRE CRATE (ID: fire)
[15/11/2023 11:39:26] ItzOverWolf won Bell (ID: bell, Weight: 25.0) from FIRE CRATE (ID: fire)
[15/11/2023 11:39:28] ItzOverWolf won Golden Carrot (ID: golden_carrot, Weight: 25.0) from INSANE CRATE (ID: insane)
[15/11/2023 11:39:28] ItzOverWolf won Fire key (ID: fire_key, Weight: 25.0) from INSANE CRATE (ID: insane)
[15/11/2023 11:39:28] ItzOverWolf won Golden Apple (ID: golden_apple, Weight: 25.0) from INSANE CRATE (ID: insane)
[15/11/2023 11:39:28] ItzOverWolf won Villager Spawn Egg (ID: villager_spawn_egg, Weight: 25.0) from INSANE CRATE (ID: insane)
[15/11/2023 11:39:29] ItzOverWolf won Golden Carrot (ID: golden_carrot, Weight: 25.0) from INSANE CRATE (ID: insane)
[15/11/2023 11:39:29] ItzOverWolf won Diamond Helmet (ID: diamond_helmet, Weight: 25.0) from INSANE CRATE (ID: insane)
[15/11/2023 11:39:29] ItzOverWolf won Block of Netherite (ID: block_of_netherite, Weight: 25.0) from INSANE CRATE (ID: insane)
[15/11/2023 11:39:29] ItzOverWolf won Shield (ID: shield, Weight: 25.0) from INSANE CRATE (ID: insane)
[15/11/2023 11:39:29] ItzOverWolf won Trident (ID: trident, Weight: 25.0) from INSANE CRATE (ID: insane)
[15/11/2023 11:39:30] ItzOverWolf won Enchanted Golden Apple (ID: enchanted_golden_apple, Weight: 25.0) from INSANE CRATE (ID: insane)
[15/11/2023 11:39:30] ItzOverWolf won Diamond Boots (ID: diamond_boots, Weight: 25.0) from INSANE CRATE (ID: insane)
[15/11/2023 11:39:30] ItzOverWolf won Golden Apple (ID: golden_apple, Weight: 25.0) from INSANE CRATE (ID: insane)
[15/11/2023 11:39:30] ItzOverWolf won Diamond Chestplate (ID: diamond_chestplate, Weight: 25.0) from INSANE CRATE (ID: insane)
[15/11/2023 11:39:30] ItzOverWolf won End Crystal (ID: end_crystal, Weight: 25.0) from INSANE CRATE (ID: insane)
[15/11/2023 11:39:31] ItzOverWolf won Diamond Boots (ID: diamond_boots, Weight: 25.0) from INSANE CRATE (ID: insane)
[15/11/2023 11:39:31] ItzOverWolf won Golden Carrot (ID: golden_carrot, Weight: 25.0) from INSANE CRATE (ID: insane)
[15/11/2023 11:39:31] ItzOverWolf won Golden Carrot (ID: golden_carrot, Weight: 25.0) from INSANE CRATE (ID: insane)
[15/11/2023 11:39:35] ItzOverWolf won 20K$ (ID: 20k$, Weight: 25.0) from ECONOMY CRATE (ID: economy)
[15/11/2023 11:39:37] ItzOverWolf won Cow Spawn Egg (ID: cow_spawn_egg, Weight: 25.0) from VOTE CRATE (ID: vote)
[15/11/2023 11:39:37] ItzOverWolf won Iron Boots (ID: iron_boots, Weight: 25.0) from VOTE CRATE (ID: vote)
[15/11/2023 11:39:37] ItzOverWolf won Iron Boots (ID: iron_boots, Weight: 25.0) from VOTE CRATE (ID: vote)
[15/11/2023 11:39:37] ItzOverWolf won Cow Spawn Egg (ID: cow_spawn_egg, Weight: 25.0) from VOTE CRATE (ID: vote)
[15/11/2023 11:39:38] ItzOverWolf won Name Tag (ID: name_tag, Weight: 25.0) from VOTE CRATE (ID: vote)
[15/11/2023 11:39:38] ItzOverWolf won Shield (ID: shield, Weight: 25.0) from VOTE CRATE (ID: vote)
[15/11/2023 11:39:38] ItzOverWolf won Shield (ID: shield, Weight: 25.0) from VOTE CRATE (ID: vote)
[15/11/2023 11:39:38] ItzOverWolf won Diamond (ID: diamond, Weight: 25.0) from VOTE CRATE (ID: vote)
[15/11/2023 11:39:38] ItzOverWolf won Diamond Leggings (ID: diamond_leggings, Weight: 25.0) from VOTE CRATE (ID: vote)
[15/11/2023 11:39:39] ItzOverWolf won Diamond Pickaxe (ID: diamond_pickaxe, Weight: 25.0) from VOTE CRATE (ID: vote)
[15/11/2023 11:39:39] ItzOverWolf won Chicken Spawn Egg (ID: chicken_spawn_egg, Weight: 25.0) from VOTE CRATE (ID: vote)
[15/11/2023 11:39:39] ItzOverWolf won Cow Spawn Egg (ID: cow_spawn_egg, Weight: 25.0) from VOTE CRATE (ID: vote)
[15/11/2023 11:39:39] ItzOverWolf won Crossbow (ID: crossbow, Weight: 25.0) from VOTE CRATE (ID: vote)
[03/06/2024 18:39:50] west666 won Elytra (ID: elytra, Weight: 25.0) from INSANE CRATE (ID: insane)
[03/06/2024 18:39:57] west666 won Block of Diamond (ID: block_of_diamond, Weight: 25.0) from INSANE CRATE (ID: insane)
[03/06/2024 18:39:58] west666 won Golden Apple (ID: golden_apple, Weight: 25.0) from INSANE CRATE (ID: insane)
[03/06/2024 18:39:59] west666 won Block of Diamond (ID: block_of_diamond, Weight: 25.0) from INSANE CRATE (ID: insane)
[03/06/2024 18:39:59] west666 won Golden Carrot (ID: golden_carrot, Weight: 25.0) from INSANE CRATE (ID: insane)
[03/06/2024 18:39:59] west666 won Crossbow (ID: crossbow, Weight: 25.0) from INSANE CRATE (ID: insane)
[03/06/2024 18:39:59] west666 won Elytra (ID: elytra, Weight: 25.0) from INSANE CRATE (ID: insane)
[03/06/2024 18:40:00] west666 won End Crystal (ID: end_crystal, Weight: 25.0) from INSANE CRATE (ID: insane)
[03/06/2024 18:40:00] west666 won Fire key (ID: fire_key, Weight: 25.0) from INSANE CRATE (ID: insane)
[03/06/2024 18:40:00] west666 won Trident (ID: trident, Weight: 25.0) from INSANE CRATE (ID: insane)
[03/06/2024 18:40:00] west666 won Golden Apple (ID: golden_apple, Weight: 25.0) from INSANE CRATE (ID: insane)
[03/06/2024 18:40:00] west666 won Villager Spawn Egg (ID: villager_spawn_egg, Weight: 25.0) from INSANE CRATE (ID: insane)
[03/06/2024 18:40:00] west666 won Crossbow (ID: crossbow, Weight: 25.0) from INSANE CRATE (ID: insane)
[03/06/2024 18:40:00] west666 won Diamond Boots (ID: diamond_boots, Weight: 25.0) from INSANE CRATE (ID: insane)
[03/06/2024 18:40:01] west666 won Trident (ID: trident, Weight: 25.0) from INSANE CRATE (ID: insane)
[03/06/2024 18:40:01] west666 won Obsidian (ID: obsidian, Weight: 25.0) from INSANE CRATE (ID: insane)
[03/06/2024 18:40:01] west666 won Diamond Boots (ID: diamond_boots, Weight: 25.0) from INSANE CRATE (ID: insane)
[03/06/2024 18:40:01] west666 won Diamond Helmet (ID: diamond_helmet, Weight: 25.0) from INSANE CRATE (ID: insane)
[03/06/2024 18:40:01] west666 won Fire key (ID: fire_key, Weight: 25.0) from INSANE CRATE (ID: insane)
[03/06/2024 18:40:01] west666 won End Crystal (ID: end_crystal, Weight: 25.0) from INSANE CRATE (ID: insane)
[03/06/2024 18:40:01] west666 won Diamond Chestplate (ID: diamond_chestplate, Weight: 25.0) from INSANE CRATE (ID: insane)
[03/06/2024 18:40:01] west666 won Diamond Helmet (ID: diamond_helmet, Weight: 25.0) from INSANE CRATE (ID: insane)
[03/06/2024 18:40:02] west666 won Economy key (ID: economy_key, Weight: 25.0) from INSANE CRATE (ID: insane)
[03/06/2024 18:40:02] west666 won Golden Apple (ID: golden_apple, Weight: 25.0) from INSANE CRATE (ID: insane)
[03/06/2024 18:40:02] west666 won Diamond Pickaxe (ID: diamond_pickaxe, Weight: 25.0) from INSANE CRATE (ID: insane)
[03/06/2024 18:40:02] west666 won Diamond Chestplate (ID: diamond_chestplate, Weight: 25.0) from INSANE CRATE (ID: insane)
[03/06/2024 18:40:02] west666 won Golden Apple (ID: golden_apple, Weight: 25.0) from INSANE CRATE (ID: insane)
[03/06/2024 18:40:02] west666 won Diamond Boots (ID: diamond_boots, Weight: 25.0) from INSANE CRATE (ID: insane)
[03/06/2024 18:40:02] west666 won Fire key (ID: fire_key, Weight: 25.0) from INSANE CRATE (ID: insane)
[03/06/2024 18:40:02] west666 won Elytra (ID: elytra, Weight: 25.0) from INSANE CRATE (ID: insane)
[03/06/2024 18:40:02] west666 won Enchanted Golden Apple (ID: enchanted_golden_apple, Weight: 25.0) from INSANE CRATE (ID: insane)
[03/06/2024 18:40:03] west666 won Diamond Boots (ID: diamond_boots, Weight: 25.0) from INSANE CRATE (ID: insane)
[03/06/2024 18:40:03] west666 won Economy key (ID: economy_key, Weight: 25.0) from INSANE CRATE (ID: insane)
[03/06/2024 18:40:07] west666 won Obsidian (ID: obsidian, Weight: 25.0) from INSANE CRATE (ID: insane)
[03/06/2024 18:40:08] west666 won Diamond Pickaxe (ID: diamond_pickaxe, Weight: 25.0) from INSANE CRATE (ID: insane)
[03/06/2024 18:40:09] west666 won End Crystal (ID: end_crystal, Weight: 25.0) from INSANE CRATE (ID: insane)
[03/06/2024 18:40:09] west666 won Elytra (ID: elytra, Weight: 25.0) from INSANE CRATE (ID: insane)
[03/06/2024 18:40:10] west666 won Block of Diamond (ID: block_of_diamond, Weight: 25.0) from INSANE CRATE (ID: insane)
[03/06/2024 18:40:10] west666 won Diamond Helmet (ID: diamond_helmet, Weight: 25.0) from INSANE CRATE (ID: insane)
[03/06/2024 18:40:10] west666 won End Crystal (ID: end_crystal, Weight: 25.0) from INSANE CRATE (ID: insane)
[03/06/2024 18:40:11] west666 won Diamond Leggings (ID: diamond_leggings, Weight: 25.0) from INSANE CRATE (ID: insane)
[03/06/2024 18:40:11] west666 won Elytra (ID: elytra, Weight: 25.0) from INSANE CRATE (ID: insane)
[03/06/2024 18:41:09] west666 won Ender Chest (ID: ender_chest, Weight: 25.0) from FIRE CRATE (ID: fire)
[03/06/2024 18:41:10] west666 won Golden Carrot (ID: golden_carrot, Weight: 25.0) from FIRE CRATE (ID: fire)
[03/06/2024 18:41:11] west666 won Diamond Sword (ID: diamond_sword, Weight: 25.0) from FIRE CRATE (ID: fire)
[03/06/2024 18:41:48] west666 won Economy key (ID: economy_key, Weight: 25.0) from INSANE CRATE (ID: insane)
[03/06/2024 18:41:50] west666 won Elytra (ID: elytra, Weight: 25.0) from INSANE CRATE (ID: insane)
[03/06/2024 18:41:51] west666 won Elytra (ID: elytra, Weight: 25.0) from INSANE CRATE (ID: insane)
[03/06/2024 18:41:51] west666 won Block of Diamond (ID: block_of_diamond, Weight: 25.0) from INSANE CRATE (ID: insane)
[03/06/2024 18:41:52] west666 won Trident (ID: trident, Weight: 25.0) from INSANE CRATE (ID: insane)
[03/06/2024 18:41:52] west666 won Diamond Helmet (ID: diamond_helmet, Weight: 25.0) from INSANE CRATE (ID: insane)
[03/06/2024 18:41:52] west666 won Block of Netherite (ID: block_of_netherite, Weight: 25.0) from INSANE CRATE (ID: insane)
[03/06/2024 18:41:52] west666 won End Crystal (ID: end_crystal, Weight: 25.0) from INSANE CRATE (ID: insane)
[03/06/2024 18:41:53] west666 won Diamond Axe (ID: diamond_axe, Weight: 25.0) from INSANE CRATE (ID: insane)
[03/06/2024 18:41:53] west666 won Obsidian (ID: obsidian, Weight: 25.0) from INSANE CRATE (ID: insane)
[03/06/2024 18:41:53] west666 won Crossbow (ID: crossbow, Weight: 25.0) from INSANE CRATE (ID: insane)
[03/06/2024 18:41:54] west666 won Diamond Leggings (ID: diamond_leggings, Weight: 25.0) from INSANE CRATE (ID: insane)
[03/06/2024 18:41:54] west666 won Diamond Helmet (ID: diamond_helmet, Weight: 25.0) from INSANE CRATE (ID: insane)
[03/06/2024 18:41:54] west666 won Enchanted Golden Apple (ID: enchanted_golden_apple, Weight: 25.0) from INSANE CRATE (ID: insane)
[03/06/2024 18:41:54] west666 won Enchanted Golden Apple (ID: enchanted_golden_apple, Weight: 25.0) from INSANE CRATE (ID: insane)
[03/06/2024 18:41:54] west666 won Elytra (ID: elytra, Weight: 25.0) from INSANE CRATE (ID: insane)
[03/06/2024 18:41:55] west666 won Bow (ID: bow, Weight: 25.0) from INSANE CRATE (ID: insane)
[03/06/2024 18:41:55] west666 won Enchanted Golden Apple (ID: enchanted_golden_apple, Weight: 25.0) from INSANE CRATE (ID: insane)
[03/06/2024 18:41:55] west666 won Villager Spawn Egg (ID: villager_spawn_egg, Weight: 25.0) from INSANE CRATE (ID: insane)
[03/06/2024 18:41:55] west666 won Economy key (ID: economy_key, Weight: 25.0) from INSANE CRATE (ID: insane)
[03/06/2024 18:41:55] west666 won End Crystal (ID: end_crystal, Weight: 25.0) from INSANE CRATE (ID: insane)
[03/06/2024 18:41:56] west666 won Diamond Chestplate (ID: diamond_chestplate, Weight: 25.0) from INSANE CRATE (ID: insane)
[03/06/2024 18:41:57] west666 won Diamond Leggings (ID: diamond_leggings, Weight: 25.0) from INSANE CRATE (ID: insane)
[03/06/2024 18:41:57] west666 won Diamond Sword (ID: diamond_sword, Weight: 25.0) from INSANE CRATE (ID: insane)
[03/06/2024 18:41:58] west666 won Block of Netherite (ID: block_of_netherite, Weight: 25.0) from INSANE CRATE (ID: insane)
[03/06/2024 18:41:58] west666 won Villager Spawn Egg (ID: villager_spawn_egg, Weight: 25.0) from INSANE CRATE (ID: insane)
[03/06/2024 18:41:58] west666 won Diamond Helmet (ID: diamond_helmet, Weight: 25.0) from INSANE CRATE (ID: insane)
[03/06/2024 18:41:59] west666 won Economy key (ID: economy_key, Weight: 25.0) from INSANE CRATE (ID: insane)
[03/06/2024 18:42:00] west666 won Diamond Leggings (ID: diamond_leggings, Weight: 25.0) from INSANE CRATE (ID: insane)
[03/06/2024 18:42:01] west666 won Villager Spawn Egg (ID: villager_spawn_egg, Weight: 25.0) from INSANE CRATE (ID: insane)
[03/06/2024 18:42:01] west666 won Bow (ID: bow, Weight: 25.0) from INSANE CRATE (ID: insane)
[03/06/2024 18:42:02] west666 won Diamond Chestplate (ID: diamond_chestplate, Weight: 25.0) from INSANE CRATE (ID: insane)
[03/06/2024 18:42:02] west666 won Diamond Axe (ID: diamond_axe, Weight: 25.0) from INSANE CRATE (ID: insane)
[03/06/2024 18:42:02] west666 won Bow (ID: bow, Weight: 25.0) from INSANE CRATE (ID: insane)
[03/06/2024 18:42:03] west666 won End Crystal (ID: end_crystal, Weight: 25.0) from INSANE CRATE (ID: insane)
[03/06/2024 18:42:03] west666 won Trident (ID: trident, Weight: 25.0) from INSANE CRATE (ID: insane)
[03/06/2024 20:42:52] west666 won 5000$ (ID: 5000$, Weight: 25.0) from ECONOMY CRATE (ID: economy)
[03/06/2024 20:42:57] west666 won 3500$ (ID: 3500$, Weight: 25.0) from ECONOMY CRATE (ID: economy)
[03/06/2024 20:42:58] west666 won 26K$ (ID: 26k$, Weight: 25.0) from ECONOMY CRATE (ID: economy)
[03/06/2024 20:44:13] west666 won 14K$ (ID: 14k$, Weight: 25.0) from ECONOMY CRATE (ID: economy)
[03/06/2024 20:45:00] west666 won Villager Spawn Egg (ID: villager_spawn_egg, Weight: 25.0) from INSANE CRATE (ID: insane)
[03/06/2024 20:45:01] west666 won Crossbow (ID: crossbow, Weight: 25.0) from INSANE CRATE (ID: insane)
[03/06/2024 20:45:03] west666 won Diamond Pickaxe (ID: diamond_pickaxe, Weight: 25.0) from INSANE CRATE (ID: insane)
[03/06/2024 20:45:04] west666 won Diamond Axe (ID: diamond_axe, Weight: 25.0) from INSANE CRATE (ID: insane)
[03/06/2024 20:45:05] west666 won 15000$ (ID: 15000$, Weight: 25.0) from INSANE CRATE (ID: insane)
[03/06/2024 20:45:07] west666 won Block of Netherite (ID: block_of_netherite, Weight: 25.0) from INSANE CRATE (ID: insane)
[03/06/2024 20:45:09] west666 won Golden Carrot (ID: golden_carrot, Weight: 25.0) from INSANE CRATE (ID: insane)
[03/06/2024 20:45:10] west666 won Block of Netherite (ID: block_of_netherite, Weight: 25.0) from INSANE CRATE (ID: insane)
[03/06/2024 20:45:11] west666 won End Crystal (ID: end_crystal, Weight: 25.0) from INSANE CRATE (ID: insane)
[03/06/2024 20:45:13] west666 won Diamond Sword (ID: diamond_sword, Weight: 25.0) from INSANE CRATE (ID: insane)
[03/06/2024 20:45:14] west666 won 15000$ (ID: 15000$, Weight: 25.0) from INSANE CRATE (ID: insane)
[03/06/2024 20:45:16] west666 won Diamond Sword (ID: diamond_sword, Weight: 25.0) from INSANE CRATE (ID: insane)
[03/06/2024 20:45:16] west666 won Economy key (ID: economy_key, Weight: 25.0) from INSANE CRATE (ID: insane)
[03/06/2024 20:45:18] west666 won Diamond Sword (ID: diamond_sword, Weight: 25.0) from INSANE CRATE (ID: insane)
[03/06/2024 20:45:18] west666 won Golden Carrot (ID: golden_carrot, Weight: 25.0) from INSANE CRATE (ID: insane)
[03/06/2024 20:45:19] west666 won Diamond Boots (ID: diamond_boots, Weight: 25.0) from INSANE CRATE (ID: insane)
[03/06/2024 20:46:15] west666 won Diamond Axe (ID: diamond_axe, Weight: 25.0) from INSANE CRATE (ID: insane)
[03/06/2024 20:46:16] west666 won Diamond Helmet (ID: diamond_helmet, Weight: 25.0) from INSANE CRATE (ID: insane)
[03/06/2024 20:46:17] west666 won 15000$ (ID: 15000$, Weight: 25.0) from INSANE CRATE (ID: insane)
[03/06/2024 20:46:17] west666 won Villager Spawn Egg (ID: villager_spawn_egg, Weight: 25.0) from INSANE CRATE (ID: insane)
[03/06/2024 20:46:17] west666 won Economy key (ID: economy_key, Weight: 25.0) from INSANE CRATE (ID: insane)
[03/06/2024 20:46:18] west666 won Diamond Chestplate (ID: diamond_chestplate, Weight: 25.0) from INSANE CRATE (ID: insane)
[03/06/2024 20:46:19] west666 won Block of Diamond (ID: block_of_diamond, Weight: 25.0) from INSANE CRATE (ID: insane)
[03/06/2024 20:46:19] west666 won Trident (ID: trident, Weight: 25.0) from INSANE CRATE (ID: insane)
