02.06.2024 - 10:11:58 - [TAB v4.1.5] Blocked attempt to add player mirco54654 into team 37928BE4_Z1 (expected team: 0mirco54654A)
02.06.2024 - 10:18:03 - [TAB v4.1.5] Blocked attempt to add player west666 into team 37928BE4_Z2 (expected team: 6west666A)
02.06.2024 - 10:18:19 - [TAB v4.1.5] Blocked attempt to add player west666 into team 7west666A (expected team: 6west666A)
02.06.2024 - 10:18:21 - [TAB v4.1.5] Blocked attempt to add player mirco54654 into team 7mirco54654A (expected team: 0mirco54654A)
02.06.2024 - 10:18:22 - [TAB v4.1.5] Blocked attempt to add player west666 into team 7west666A (expected team: 6west666A)
02.06.2024 - 10:18:22 - [TAB v4.1.5] Blocked attempt to add player mirco54654 into team 7mirco54654A (expected team: 0mirco54654A)
02.06.2024 - 10:19:05 - [TAB v4.1.5] Blocked attempt to add player mirco54654 into team 37928BE4_Z3 (expected team: 0mirco54654A)
02.06.2024 - 10:19:27 - [TAB v4.1.5] Blocked attempt to add player west666 into team 37928BE4_Z4 (expected team: 6west666A)
02.06.2024 - 10:19:44 - [TAB v4.1.5] Blocked attempt to add player mirco54654 into team 7mirco54654A (expected team: 0mirco54654A)
02.06.2024 - 10:20:32 - [TAB v4.1.5] Blocked attempt to add player west666 into team 37928BE4_Z4 (expected team: 6west666A)
02.06.2024 - 10:20:32 - [TAB v4.1.5] Blocked attempt to add player mirco54654 into team 37928BE4_Z5 (expected team: 0mirco54654A)
02.06.2024 - 10:24:24 - [TAB v4.1.5] Blocked attempt to add player mirco54654 into team 37928BE4_Z6 (expected team: 0mirco54654A)
02.06.2024 - 10:24:32 - [TAB v4.1.5] Blocked attempt to add player west666 into team 37928BE4_Z7 (expected team: 6west666A)
02.06.2024 - 10:24:40 - [TAB v4.1.5] Blocked attempt to add player west666 into team 7west666A (expected team: 6west666A)
02.06.2024 - 10:24:41 - [TAB v4.1.5] Blocked attempt to add player mirco54654 into team 7mirco54654A (expected team: 0mirco54654A)
02.06.2024 - 10:24:42 - [TAB v4.1.5] Blocked attempt to add player west666 into team 7west666A (expected team: 6west666A)
02.06.2024 - 10:24:42 - [TAB v4.1.5] Blocked attempt to add player mirco54654 into team 7mirco54654A (expected team: 0mirco54654A)
02.06.2024 - 10:25:30 - [TAB v4.1.5] Blocked attempt to add player mirco54654 into team 37928BE4_Z8 (expected team: 0mirco54654A)
02.06.2024 - 10:28:15 - [TAB v4.1.5] Blocked attempt to add player west666 into team 37928BE4_Z9 (expected team: 6west666A)
02.06.2024 - 10:28:25 - [TAB v4.1.5] Blocked attempt to add player mirco54654 into team 7mirco54654A (expected team: 0mirco54654A)
02.06.2024 - 10:28:26 - [TAB v4.1.5] Blocked attempt to add player west666 into team 7west666A (expected team: 6west666A)
02.06.2024 - 10:28:26 - [TAB v4.1.5] Blocked attempt to add player mirco54654 into team 7mirco54654A (expected team: 0mirco54654A)
02.06.2024 - 10:28:26 - [TAB v4.1.5] Blocked attempt to add player west666 into team 7west666A (expected team: 6west666A)
02.06.2024 - 10:29:46 - [TAB v4.1.5] Blocked attempt to add player mirco54654 into team 37928BE4_Z10 (expected team: 0mirco54654A)
02.06.2024 - 10:31:03 - [TAB v4.1.5] Blocked attempt to add player west666 into team 37928BE4_Z11 (expected team: 6west666A)
02.06.2024 - 10:33:37 - [TAB v4.1.5] Blocked attempt to add player mirco54654 into team 7mirco54654A (expected team: 0mirco54654A)
02.06.2024 - 10:33:38 - [TAB v4.1.5] Blocked attempt to add player west666 into team 7west666A (expected team: 6west666A)
02.06.2024 - 10:33:47 - [TAB v4.1.5] Blocked attempt to add player mirco54654 into team 37928BE4_Z12 (expected team: 0mirco54654A)
02.06.2024 - 10:33:51 - [TAB v4.1.5] Blocked attempt to add player west666 into team 37928BE4_Z13 (expected team: 6west666A)
02.06.2024 - 10:35:27 - [TAB v4.1.5] Blocked attempt to add player mirco54654 into team 2B292BEB_Z1 (expected team: 0mirco54654A)
02.06.2024 - 10:35:32 - [TAB v4.1.5] Blocked attempt to add player west666 into team 2B292BEB_Z2 (expected team: 6west666A)
02.06.2024 - 10:35:39 - [TAB v4.1.5] Blocked attempt to add player mirco54654 into team 7mirco54654A (expected team: 0mirco54654A)
02.06.2024 - 10:35:39 - [TAB v4.1.5] Blocked attempt to add player west666 into team 7west666A (expected team: 6west666A)
02.06.2024 - 10:35:39 - [TAB v4.1.5] Blocked attempt to add player mirco54654 into team 7mirco54654A (expected team: 0mirco54654A)
02.06.2024 - 10:35:39 - [TAB v4.1.5] Blocked attempt to add player west666 into team 7west666A (expected team: 6west666A)
02.06.2024 - 10:37:05 - [TAB v4.1.5] Blocked attempt to add player mirco54654 into team 2B292BEB_Z3 (expected team: 0mirco54654A)
02.06.2024 - 10:37:06 - [TAB v4.1.5] Blocked attempt to add player west666 into team 2B292BEB_Z4 (expected team: 6west666A)
02.06.2024 - 10:38:54 - [TAB v4.1.5] Blocked attempt to add player west666 into team 7west666A (expected team: 6west666A)
02.06.2024 - 10:38:54 - [TAB v4.1.5] Blocked attempt to add player mirco54654 into team 7mirco54654A (expected team: 0mirco54654A)
02.06.2024 - 10:44:35 - [TAB v4.1.5] Blocked attempt to add player mirco54654 into team 2B292BEB_Z5 (expected team: 0mirco54654A)
02.06.2024 - 10:44:36 - [TAB v4.1.5] Blocked attempt to add player west666 into team 2B292BEB_Z6 (expected team: 6west666A)
02.06.2024 - 10:44:41 - [TAB v4.1.5] Blocked attempt to add player west666 into team 7west666A (expected team: 6west666A)
02.06.2024 - 10:44:41 - [TAB v4.1.5] Blocked attempt to add player mirco54654 into team 7mirco54654A (expected team: 0mirco54654A)
02.06.2024 - 10:44:41 - [TAB v4.1.5] Blocked attempt to add player west666 into team 7west666A (expected team: 6west666A)
02.06.2024 - 10:44:41 - [TAB v4.1.5] Blocked attempt to add player mirco54654 into team 7mirco54654A (expected team: 0mirco54654A)
02.06.2024 - 10:55:36 - [TAB v4.1.5] Blocked attempt to add player mirco54654 into team 2B292BEB_Z7 (expected team: 0mirco54654A)
04.06.2024 - 14:47:52 - [TAB v4.1.5] Blocked attempt to add player mirco54654 into team DEC2DA8B_Z1 (expected team: 0mirco54654A)
04.06.2024 - 15:16:40 - [TAB v4.1.5] Blocked attempt to add player west666 into team DEC2DA8B_Z3 (expected team: 6west666A)
04.06.2024 - 15:19:00 - [TAB v4.1.5] Blocked attempt to add player west666 into team viaversion (expected team: 6west666A)
04.06.2024 - 15:19:03 - [TAB v4.1.5] Blocked attempt to add player mirco54654 into team viaversion (expected team: 0mirco54654A)
04.06.2024 - 15:19:07 - [TAB v4.1.5] Blocked attempt to add player mirco54654 into team DEC2DA8B_Z4 (expected team: 0mirco54654A)
04.06.2024 - 15:19:32 - [TAB v4.1.5] Blocked attempt to add player west666 into team DEC2DA8B_Z5 (expected team: 6west666A)
04.06.2024 - 15:20:18 - [TAB v4.1.5] Blocked attempt to add player mirco54654 into team DEC2DA8B_Z6 (expected team: 0mirco54654A)
04.06.2024 - 15:21:05 - [TAB v4.1.5] Blocked attempt to add player west666 into team DEC2DA8B_Z7 (expected team: 6west666A)
04.06.2024 - 15:33:38 - [TAB v4.1.5] Blocked attempt to add player mirco54654 into team DEC2DA8B_Z8 (expected team: 0mirco54654A)
04.06.2024 - 15:40:44 - [TAB v4.1.5] Blocked attempt to add player mirco54654 into team viaversion (expected team: 0mirco54654A)
04.06.2024 - 15:41:03 - [TAB v4.1.5] Blocked attempt to add player mirco54654 into team DEC2DA8B_Z9 (expected team: 0mirco54654A)
04.06.2024 - 15:41:14 - [TAB v4.1.5] Blocked attempt to add player mirco54654 into team viaversion (expected team: 0mirco54654A)
04.06.2024 - 15:41:32 - [TAB v4.1.5] Blocked attempt to add player mirco54654 into team DEC2DA8B_Z10 (expected team: 0mirco54654A)
04.06.2024 - 15:41:47 - [TAB v4.1.5] Blocked attempt to add player mirco54654 into team viaversion (expected team: 0mirco54654A)
04.06.2024 - 15:42:01 - [TAB v4.1.5] Blocked attempt to add player mirco54654 into team DEC2DA8B_Z11 (expected team: 0mirco54654A)
04.06.2024 - 15:43:57 - [TAB v4.1.5] Blocked attempt to add player mirco54654 into team DEC2DA8B_Z12 (expected team: 0mirco54654A)
04.06.2024 - 16:16:00 - [TAB v4.1.5] Blocked attempt to add player mirco54654 into team viaversion (expected team: 0mirco54654A)
04.06.2024 - 20:55:00 - [TAB v4.1.5] Blocked attempt to add player mirco54654 into team 9A4E5E49_Z1 (expected team: 0mirco54654A)
04.06.2024 - 20:55:00 - [TAB v4.1.5] Blocked attempt to add player mirco54654 into team 9A4E5E49_Z2 (expected team: 0mirco54654A)
04.06.2024 - 20:55:00 - [TAB v4.1.5] Blocked attempt to add player mirco54654 into team 9A4E5E49_Z1 (expected team: 0mirco54654A)
04.06.2024 - 20:55:00 - [TAB v4.1.5] Blocked attempt to add player mirco54654 into team 9A4E5E49_Z2 (expected team: 0mirco54654A)
04.06.2024 - 20:55:36 - [TAB v4.1.5] Blocked attempt to add player mirco54654 into team viaversion (expected team: 0mirco54654A)
04.06.2024 - 20:55:36 - [TAB v4.1.5] Blocked attempt to add player mirco54654 into team 9A4E5E49_Z3 (expected team: 0mirco54654A)
04.06.2024 - 21:00:15 - [TAB v4.1.5] Blocked attempt to add player mirco54654 into team 9A4E5E49_Z5 (expected team: 0mirco54654A)
05.06.2024 - 14:40:19 - [TAB v4.1.5] Blocked attempt to add player mirco54654 into team 134A6B2A_Z1 (expected team: 0mirco54654A)
05.06.2024 - 14:40:19 - [TAB v4.1.5] Blocked attempt to add player mirco54654 into team viaversion (expected team: 0mirco54654A)
05.06.2024 - 14:40:19 - [TAB v4.1.5] Blocked attempt to add player mirco54654 into team 134A6B2A_Z2 (expected team: 0mirco54654A)
05.06.2024 - 19:31:21 - [TAB v4.1.5] Blocked attempt to add player mirco54654 into team viaversion (expected team: 0mirco54654A)
05.06.2024 - 19:31:21 - [TAB v4.1.5] Blocked attempt to add player mirco54654 into team 134A6B2A_Z5 (expected team: 0mirco54654A)
05.06.2024 - 20:08:07 - [TAB v4.1.5] Blocked attempt to add player mirco54654 into team 134A6B2A_Z6 (expected team: 0mirco54654A)
05.06.2024 - 20:15:09 - [TAB v4.1.5] Blocked attempt to add player mirco54654 into team 134A6B2A_Z7 (expected team: 0mirco54654A)
07.06.2024 - 11:23:53 - [TAB v4.1.5] Blocked attempt to add player mirco54654 into team DEA73C94_Z1 (expected team: 0mirco54654A)
07.06.2024 - 11:24:21 - [TAB v4.1.5] Blocked attempt to add player west666 into team DEA73C94_Z2 (expected team: 6west666A)
07.06.2024 - 11:24:25 - [TAB v4.1.5] Blocked attempt to add player west666 into team viaversion (expected team: 6west666A)
07.06.2024 - 11:24:25 - [TAB v4.1.5] Blocked attempt to add player mirco54654 into team DEA73C94_Z1 (expected team: 0mirco54654A)
07.06.2024 - 11:24:29 - [TAB v4.1.5] Blocked attempt to add player west666 into team DEA73C94_Z2 (expected team: 6west666A)
07.06.2024 - 11:25:18 - [TAB v4.1.5] Blocked attempt to add player mirco54654 into team 7mirco54654A (expected team: 0mirco54654A)
07.06.2024 - 11:26:03 - [TAB v4.1.5] Blocked attempt to add player west666 into team DEA73C94_Z2 (expected team: 6west666A)
07.06.2024 - 11:26:03 - [TAB v4.1.5] Blocked attempt to add player mirco54654 into team DEA73C94_Z3 (expected team: 0mirco54654A)
07.06.2024 - 11:26:10 - [TAB v4.1.5] Blocked attempt to add player mirco54654 into team 7mirco54654A (expected team: 0mirco54654A)
07.06.2024 - 11:30:51 - [TAB v4.1.5] Blocked attempt to add player mirco54654 into team DEA73C94_Z4 (expected team: 0mirco54654A)
07.06.2024 - 11:31:08 - [TAB v4.1.5] Blocked attempt to add player west666 into team DEA73C94_Z5 (expected team: 6west666A)
07.06.2024 - 11:31:53 - [TAB v4.1.5] Blocked attempt to add player mirco54654 into team 7mirco54654A (expected team: 0mirco54654A)
07.06.2024 - 11:31:55 - [TAB v4.1.5] Blocked attempt to add player west666 into team 7west666A (expected team: 6west666A)
07.06.2024 - 11:32:01 - [TAB v4.1.5] Blocked attempt to add player west666 into team viaversion (expected team: 6west666A)
07.06.2024 - 11:32:01 - [TAB v4.1.5] Blocked attempt to add player mirco54654 into team 7mirco54654A (expected team: 0mirco54654A)
07.06.2024 - 11:32:01 - [TAB v4.1.5] Blocked attempt to add player west666 into team 7west666A (expected team: 6west666A)
07.06.2024 - 14:30:56 - [TAB v4.1.5] Blocked attempt to add player mirco54654 into team DEA73C94_Z6 (expected team: 0mirco54654A)
07.06.2024 - 14:31:08 - [TAB v4.1.5] Blocked attempt to add player west666 into team DEA73C94_Z7 (expected team: 6west666A)
07.06.2024 - 14:32:22 - [TAB v4.1.5] Blocked attempt to add player west666 into team 7west666A (expected team: 6west666A)
07.06.2024 - 14:32:22 - [TAB v4.1.5] Blocked attempt to add player mirco54654 into team 7mirco54654A (expected team: 0mirco54654A)
07.06.2024 - 14:32:30 - [TAB v4.1.5] Blocked attempt to add player west666 into team viaversion (expected team: 6west666A)
07.06.2024 - 14:32:30 - [TAB v4.1.5] Blocked attempt to add player west666 into team 7west666A (expected team: 6west666A)
07.06.2024 - 14:32:30 - [TAB v4.1.5] Blocked attempt to add player mirco54654 into team 7mirco54654A (expected team: 0mirco54654A)
07.06.2024 - 14:33:08 - [TAB v4.1.5] Blocked attempt to add player mirco54654 into team DEA73C94_Z8 (expected team: 0mirco54654A)
07.06.2024 - 14:34:11 - [TAB v4.1.5] Blocked attempt to add player west666 into team DEA73C94_Z9 (expected team: 6west666A)
07.06.2024 - 14:34:22 - [TAB v4.1.5] Blocked attempt to add player west666 into team 7west666A (expected team: 6west666A)
07.06.2024 - 14:34:22 - [TAB v4.1.5] Blocked attempt to add player mirco54654 into team 7mirco54654A (expected team: 0mirco54654A)
07.06.2024 - 14:34:26 - [TAB v4.1.5] Blocked attempt to add player west666 into team viaversion (expected team: 6west666A)
07.06.2024 - 14:34:26 - [TAB v4.1.5] Blocked attempt to add player west666 into team 7west666A (expected team: 6west666A)
07.06.2024 - 14:34:26 - [TAB v4.1.5] Blocked attempt to add player mirco54654 into team 7mirco54654A (expected team: 0mirco54654A)
07.06.2024 - 14:34:35 - [TAB v4.1.5] Blocked attempt to add player west666 into team viaversion (expected team: 6west666A)
07.06.2024 - 14:34:36 - [TAB v4.1.5] Blocked attempt to add player mirco54654 into team 7mirco54654A (expected team: 0mirco54654A)
07.06.2024 - 14:34:36 - [TAB v4.1.5] Blocked attempt to add player west666 into team 7west666A (expected team: 6west666A)
07.06.2024 - 14:34:57 - [TAB v4.1.5] Blocked attempt to add player west666 into team viaversion (expected team: 6west666A)
07.06.2024 - 14:35:02 - [TAB v4.1.5] Blocked attempt to add player mirco54654 into team DEA73C94_Z10 (expected team: 0mirco54654A)
07.06.2024 - 14:36:45 - [TAB v4.1.5] Blocked attempt to add player west666 into team DEA73C94_Z11 (expected team: 6west666A)
07.06.2024 - 14:36:56 - [TAB v4.1.5] Blocked attempt to add player mirco54654 into team 7mirco54654A (expected team: 0mirco54654A)
07.06.2024 - 14:36:57 - [TAB v4.1.5] Blocked attempt to add player west666 into team 7west666A (expected team: 6west666A)
07.06.2024 - 14:37:07 - [TAB v4.1.5] Blocked attempt to add player west666 into team viaversion (expected team: 6west666A)
07.06.2024 - 14:37:09 - [TAB v4.1.5] Blocked attempt to add player mirco54654 into team 7mirco54654A (expected team: 0mirco54654A)
07.06.2024 - 14:37:09 - [TAB v4.1.5] Blocked attempt to add player west666 into team 7west666A (expected team: 6west666A)
07.06.2024 - 14:37:18 - [TAB v4.1.5] Blocked attempt to add player mirco54654 into team DEA73C94_Z12 (expected team: 0mirco54654A)
07.06.2024 - 14:37:43 - [TAB v4.1.5] Blocked attempt to add player west666 into team DEA73C94_Z13 (expected team: 6west666A)
07.06.2024 - 14:43:34 - [TAB v4.1.5] Blocked attempt to add player mirco54654 into team A39FAEC4_Z1 (expected team: 0mirco54654A)
07.06.2024 - 14:43:42 - [TAB v4.1.5] Blocked attempt to add player west666 into team A39FAEC4_Z2 (expected team: 6west666A)
07.06.2024 - 14:50:22 - [TAB v4.1.5] Blocked attempt to add player west666 into team A39FAEC4_Z3 (expected team: 6west666A)
07.06.2024 - 14:50:23 - [TAB v4.1.5] Blocked attempt to add player west666 into team viaversion (expected team: 6west666A)
07.06.2024 - 14:50:23 - [TAB v4.1.5] Blocked attempt to add player mirco54654 into team A39FAEC4_Z1 (expected team: 0mirco54654A)
07.06.2024 - 14:50:24 - [TAB v4.1.5] Blocked attempt to add player west666 into team A39FAEC4_Z3 (expected team: 6west666A)
07.06.2024 - 14:50:39 - [TAB v4.1.5] Blocked attempt to add player west666 into team A39FAEC4_Z4 (expected team: 6west666A)
07.06.2024 - 14:52:03 - [TAB v4.1.5] Blocked attempt to add player west666 into team 7west666A (expected team: 6west666A)
07.06.2024 - 14:52:03 - [TAB v4.1.5] Blocked attempt to add player mirco54654 into team 7mirco54654A (expected team: 0mirco54654A)
07.06.2024 - 14:52:10 - [TAB v4.1.5] Blocked attempt to add player west666 into team viaversion (expected team: 6west666A)
07.06.2024 - 14:52:10 - [TAB v4.1.5] Blocked attempt to add player west666 into team 7west666A (expected team: 6west666A)
07.06.2024 - 14:52:10 - [TAB v4.1.5] Blocked attempt to add player mirco54654 into team 7mirco54654A (expected team: 0mirco54654A)
07.06.2024 - 14:58:32 - [TAB v4.1.5] Blocked attempt to add player mirco54654 into team A39FAEC4_Z5 (expected team: 0mirco54654A)
07.06.2024 - 14:58:33 - [TAB v4.1.5] Blocked attempt to add player west666 into team viaversion (expected team: 6west666A)
07.06.2024 - 14:58:33 - [TAB v4.1.5] Blocked attempt to add player mirco54654 into team A39FAEC4_Z5 (expected team: 0mirco54654A)
07.06.2024 - 14:58:33 - [TAB v4.1.5] Blocked attempt to add player west666 into team A39FAEC4_Z6 (expected team: 6west666A)
07.06.2024 - 15:00:28 - [TAB v4.1.5] Blocked attempt to add player west666 into team A39FAEC4_Z7 (expected team: 6west666A)
07.06.2024 - 15:11:04 - [TAB v4.1.5] Blocked attempt to add player west666 into team viaversion (expected team: 6west666A)
07.06.2024 - 15:11:06 - [TAB v4.1.5] Blocked attempt to add player west666 into team A39FAEC4_Z8 (expected team: 6west666A)
07.06.2024 - 15:11:29 - [TAB v4.1.5] Blocked attempt to add player west666 into team viaversion (expected team: 6west666A)
07.06.2024 - 15:12:47 - [TAB v4.1.5] Blocked attempt to add player mirco54654 into team 1mirco5465 (expected team: 0mirco54654A)
07.06.2024 - 15:12:47 - [TAB v4.1.5] Blocked attempt to add player west666 into team 2west666 (expected team: 6west666A)
07.06.2024 - 15:12:47 - [TAB v4.1.5] Blocked attempt to add player mirco54654 into team 1mirco5465 (expected team: 0mirco54654A)
07.06.2024 - 15:12:47 - [TAB v4.1.5] Blocked attempt to add player west666 into team 2west666 (expected team: 6west666A)
07.06.2024 - 15:16:12 - [TAB v4.1.5] Blocked attempt to add player west666 into team viaversion (expected team: 6west666A)
07.06.2024 - 15:16:12 - [TAB v4.1.5] Blocked attempt to add player mirco54654 into team 1mirco5465 (expected team: 0mirco54654A)
07.06.2024 - 15:16:12 - [TAB v4.1.5] Blocked attempt to add player west666 into team z2west666 (expected team: 6west666A)
07.06.2024 - 15:16:14 - [TAB v4.1.5] Blocked attempt to add player mirco54654 into team 1mirco5465 (expected team: 0mirco54654A)
07.06.2024 - 15:16:14 - [TAB v4.1.5] Blocked attempt to add player west666 into team z2west666 (expected team: 6west666A)
07.06.2024 - 15:16:15 - [TAB v4.1.5] Blocked attempt to add player west666 into team viaversion (expected team: 6west666A)
07.06.2024 - 15:16:15 - [TAB v4.1.5] Blocked attempt to add player mirco54654 into team 1mirco5465 (expected team: 0mirco54654A)
07.06.2024 - 15:16:15 - [TAB v4.1.5] Blocked attempt to add player west666 into team z2west666 (expected team: 6west666A)
07.06.2024 - 15:27:00 - [TAB v4.1.5] Blocked attempt to add player mirco54654 into team A39FAEC4_Z10 (expected team: 0mirco54654A)
07.06.2024 - 15:34:35 - [TAB v4.1.5] Blocked attempt to add player west666 into team A39FAEC4_Z11 (expected team: 6west666A)
07.06.2024 - 15:34:57 - [TAB v4.1.5] Blocked attempt to add player west666 into team A39FAEC4_Z12 (expected team: 6west666A)
08.06.2024 - 12:00:53 - [TAB v4.1.5] Blocked attempt to add player west666 into team viaversion (expected team: 6west666A)
08.06.2024 - 12:00:56 - [TAB v4.1.5] Blocked attempt to add player west666 into team 77031790_Z1 (expected team: 6west666A)
08.06.2024 - 12:01:19 - [TAB v4.1.5] Blocked attempt to add player mirco54654 into team 77031790_Z2 (expected team: 0mirco54654A)
08.06.2024 - 12:01:42 - [TAB v4.1.5] Blocked attempt to add player west666 into team 77031790_Z3 (expected team: 6west666A)
08.06.2024 - 12:03:33 - [TAB v4.1.5] Blocked attempt to add player west666 into team 77031790_Z4 (expected team: 6west666A)
08.06.2024 - 12:16:59 - [TAB v4.1.5] Blocked attempt to add player mirco54654 into team 77031790_Z2 (expected team: 0mirco54654A)
08.06.2024 - 12:17:00 - [TAB v4.1.5] Blocked attempt to add player west666 into team 77031790_Z5 (expected team: 6west666A)
08.06.2024 - 12:20:52 - [TAB v4.1.5] Blocked attempt to add player west666 into team 77031790_Z6 (expected team: 6west666A)
08.06.2024 - 12:20:52 - [TAB v4.1.5] Blocked attempt to add player west666 into team 77031790_Z6 (expected team: 6west666A)
08.06.2024 - 12:21:04 - [TAB v4.1.5] Blocked attempt to add player mirco54654 into team 77031790_Z2 (expected team: 0mirco54654A)
08.06.2024 - 12:21:05 - [TAB v4.1.5] Blocked attempt to add player west666 into team 77031790_Z7 (expected team: 6west666A)
08.06.2024 - 12:21:05 - [TAB v4.1.5] Blocked attempt to add player west666 into team 77031790_Z7 (expected team: 6west666A)
09.06.2024 - 09:04:54 - [TAB v4.1.5] Blocked attempt to add player mirco54654 into team 306FE903_Z1 (expected team: 0mirco54654A)
09.06.2024 - 09:05:04 - [TAB v4.1.5] Blocked attempt to add player mirco54654 into team 306FE903_Z2 (expected team: 0mirco54654A)
09.06.2024 - 09:05:29 - [TAB v4.1.5] Blocked attempt to add player mirco54654 into team 306FE903_Z3 (expected team: 0mirco54654A)
09.06.2024 - 09:06:10 - [TAB v4.1.5] Blocked attempt to add player mirco54654 into team 306FE903_Z4 (expected team: 0mirco54654A)
09.06.2024 - 09:13:12 - [TAB v4.1.5] Blocked attempt to add player mirco54654 into team 306FE903_Z5 (expected team: 0mirco54654A)
09.06.2024 - 09:17:26 - [TAB v4.1.5] Blocked attempt to add player mirco54654 into team 0E9596F9_Z1 (expected team: 0mirco54654A)
09.06.2024 - 09:17:37 - [TAB v4.1.5] Blocked attempt to add player mirco54654 into team 0E9596F9_Z2 (expected team: 0mirco54654A)
09.06.2024 - 09:17:49 - [TAB v4.1.5] Blocked attempt to add player mirco54654 into team 0E9596F9_Z3 (expected team: 0mirco54654A)
09.06.2024 - 09:23:33 - [TAB v4.1.5] Blocked attempt to add player west666 into team 0E9596F9_Z4 (expected team: 6west666A)
09.06.2024 - 09:25:22 - [TAB v4.1.5] Blocked attempt to add player vfgd into team 0E9596F9_Z5 (expected team: 6vfgdA)
09.06.2024 - 09:26:30 - [TAB v4.1.5] Blocked attempt to add player west666 into team 1west666 (expected team: 6west666A)
09.06.2024 - 09:26:30 - [TAB v4.1.5] Blocked attempt to add player vfgd into team 2vfgd (expected team: 6vfgdA)
09.06.2024 - 09:26:30 - [TAB v4.1.5] Blocked attempt to add player mirco54654 into team 3mirco5465 (expected team: 0mirco54654A)
09.06.2024 - 09:26:30 - [TAB v4.1.5] Blocked attempt to add player west666 into team 1west666 (expected team: 6west666A)
09.06.2024 - 09:26:30 - [TAB v4.1.5] Blocked attempt to add player vfgd into team 2vfgd (expected team: 6vfgdA)
09.06.2024 - 09:26:30 - [TAB v4.1.5] Blocked attempt to add player mirco54654 into team 3mirco5465 (expected team: 0mirco54654A)
09.06.2024 - 09:26:30 - [TAB v4.1.5] Blocked attempt to add player west666 into team 1west666 (expected team: 6west666A)
09.06.2024 - 09:26:30 - [TAB v4.1.5] Blocked attempt to add player vfgd into team 2vfgd (expected team: 6vfgdA)
09.06.2024 - 09:26:30 - [TAB v4.1.5] Blocked attempt to add player mirco54654 into team 3mirco5465 (expected team: 0mirco54654A)
09.06.2024 - 09:26:56 - [TAB v4.1.5] Blocked attempt to add player west666 into team 1west666 (expected team: 6west666A)
09.06.2024 - 09:26:56 - [TAB v4.1.5] Blocked attempt to add player vfgd into team 2vfgd (expected team: 6vfgdA)
09.06.2024 - 09:26:56 - [TAB v4.1.5] Blocked attempt to add player mirco54654 into team 3mirco5465 (expected team: 0mirco54654A)
09.06.2024 - 09:28:02 - [TAB v4.1.5] Blocked attempt to add player west666 into team 1west666 (expected team: 6west666A)
09.06.2024 - 09:28:02 - [TAB v4.1.5] Blocked attempt to add player mirco54654 into team 3mirco5465 (expected team: 0mirco54654A)
09.06.2024 - 09:28:02 - [TAB v4.1.5] Blocked attempt to add player vfgd into team z2vfgd (expected team: 6vfgdA)
09.06.2024 - 09:28:23 - [TAB v4.1.5] Blocked attempt to add player mirco54654 into team 3mirco5465 (expected team: 0mirco54654A)
09.06.2024 - 09:28:23 - [TAB v4.1.5] Blocked attempt to add player vfgd into team z2vfgd (expected team: 6vfgdA)
09.06.2024 - 09:28:23 - [TAB v4.1.5] Blocked attempt to add player west666 into team z1west666 (expected team: 6west666A)
09.06.2024 - 09:28:27 - [TAB v4.1.5] Blocked attempt to add player mirco54654 into team 3mirco5465 (expected team: 0mirco54654A)
09.06.2024 - 09:28:27 - [TAB v4.1.5] Blocked attempt to add player vfgd into team z2vfgd (expected team: 6vfgdA)
09.06.2024 - 09:28:27 - [TAB v4.1.5] Blocked attempt to add player mirco54654 into team 3mirco5465 (expected team: 0mirco54654A)
09.06.2024 - 09:28:27 - [TAB v4.1.5] Blocked attempt to add player mirco54654 into team 3mirco5465 (expected team: 0mirco54654A)
09.06.2024 - 09:28:27 - [TAB v4.1.5] Blocked attempt to add player vfgd into team z2vfgd (expected team: 6vfgdA)
09.06.2024 - 09:28:27 - [TAB v4.1.5] Blocked attempt to add player west666 into team z1west666 (expected team: 6west666A)
09.06.2024 - 09:28:27 - [TAB v4.1.5] Blocked attempt to add player vfgd into team z2vfgd (expected team: 6vfgdA)
09.06.2024 - 09:28:27 - [TAB v4.1.5] Blocked attempt to add player vfgd into team z2vfgd (expected team: 6vfgdA)
09.06.2024 - 09:28:27 - [TAB v4.1.5] Blocked attempt to add player west666 into team z1west666 (expected team: 6west666A)
09.06.2024 - 09:31:52 - [TAB v4.1.5] Blocked attempt to add player west666 into team 0E9596F9_Z6 (expected team: 6west666A)
09.06.2024 - 09:33:18 - [TAB v4.1.5] Blocked attempt to add player mirco54654 into team 0E9596F9_Z7 (expected team: 0mirco54654A)
09.06.2024 - 09:34:41 - [TAB v4.1.5] Blocked attempt to add player west666 into team 0E9596F9_Z8 (expected team: 6west666A)
09.06.2024 - 09:34:53 - [TAB v4.1.5] Blocked attempt to add player mirco54654 into team 0E9596F9_Z9 (expected team: 0mirco54654A)
09.06.2024 - 09:36:18 - [TAB v4.1.5] Blocked attempt to add player mirco54654 into team 0E9596F9_Z10 (expected team: 0mirco54654A)
09.06.2024 - 09:36:29 - [TAB v4.1.5] Blocked attempt to add player mirco54654 into team 0E9596F9_Z11 (expected team: 0mirco54654A)
09.06.2024 - 09:41:47 - [TAB v4.1.5] Blocked attempt to add player mirco54654 into team 0E9596F9_Z12 (expected team: 0mirco54654A)
09.06.2024 - 09:41:47 - [TAB v4.1.5] Blocked attempt to add player west666 into team 0E9596F9_Z13 (expected team: 6west666A)
09.06.2024 - 10:03:27 - [TAB v4.1.5] Blocked attempt to add player mirco54654 into team 0E9596F9_Z14 (expected team: 0mirco54654A)
09.06.2024 - 10:03:27 - [TAB v4.1.5] Blocked attempt to add player mirco54654 into team 0E9596F9_Z14 (expected team: 0mirco54654A)
09.06.2024 - 10:03:28 - [TAB v4.1.5] Blocked attempt to add player west666 into team 0E9596F9_Z15 (expected team: 6west666A)
09.06.2024 - 10:08:56 - [TAB v4.1.5] Blocked attempt to add player west666 into team 0E9596F9_Z16 (expected team: 6west666A)
09.06.2024 - 10:12:26 - [TAB v4.1.5] Blocked attempt to add player west666 into team 0E9596F9_Z17 (expected team: 6west666A)
