22.05.2024 17:13:44: invalidate cache for group Builder
22.05.2024 17:13:44: invalidate cache for group Mod
22.05.2024 17:13:44: invalidate cache for group Admin
22.05.2024 17:25:37: invalidate cache for group Builder
22.05.2024 17:25:37: invalidate cache for group Mod
22.05.2024 17:25:37: invalidate cache for group Admin
22.05.2024 17:30:08: invalidate cache for user mirco54654
22.05.2024 17:31:33: invalidate cache for user mirco54654
22.05.2024 17:31:48: invalidate cache for user mirco54654
22.05.2024 17:31:59: invalidate cache for user mirco54654
22.05.2024 17:32:56: invalidate cache for user mirco54654
22.05.2024 17:33:06: invalidate cache for group Builder
22.05.2024 17:33:06: invalidate cache for group Mod
22.05.2024 17:33:06: invalidate cache for group Admin
22.05.2024 17:33:16: invalidate cache for user mirco54654
22.05.2024 17:36:44: invalidate cache for user mirco54654
22.05.2024 17:39:43: invalidate cache for user mirco54654
22.05.2024 17:41:54: invalidate cache for group Builder
22.05.2024 17:41:54: invalidate cache for group Mod
22.05.2024 17:41:54: invalidate cache for group Admin
22.05.2024 17:42:05: invalidate cache for user mirco54654
22.05.2024 17:50:43: invalidate cache for group Builder
22.05.2024 17:50:43: invalidate cache for group admin1
22.05.2024 17:50:43: invalidate cache for group Mod
22.05.2024 17:50:43: invalidate cache for group Admin
22.05.2024 17:50:43: invalidate cache for user mirco54654
22.05.2024 17:50:43: invalidate cache for user fdrco54654dfgdf
22.05.2024 18:01:52: invalidate cache for group Builder
22.05.2024 18:01:52: invalidate cache for group Mod
22.05.2024 18:01:52: invalidate cache for group Admin
22.05.2024 18:01:52: invalidate cache for group admin1
22.05.2024 18:10:06: invalidate cache for group Builder
22.05.2024 18:10:06: invalidate cache for group Mod
22.05.2024 18:10:06: invalidate cache for group Admin
22.05.2024 18:10:06: invalidate cache for group admin1
22.05.2024 18:11:16: invalidate cache for group Builder
22.05.2024 18:11:16: invalidate cache for group Mod
22.05.2024 18:11:16: invalidate cache for group Admin
22.05.2024 18:11:16: invalidate cache for group admin1
22.05.2024 18:31:29: invalidate cache for group Builder
22.05.2024 18:31:29: invalidate cache for group Mod
22.05.2024 18:31:29: invalidate cache for group Admin
22.05.2024 18:31:29: invalidate cache for group admin1
22.05.2024 19:05:31: invalidate cache for group Builder
22.05.2024 19:05:31: invalidate cache for group Mod
22.05.2024 19:05:31: invalidate cache for group Admin
22.05.2024 19:05:31: invalidate cache for group admin1
23.05.2024 15:37:37: invalidate cache for group Builder
23.05.2024 15:37:37: invalidate cache for group Mod
23.05.2024 15:37:37: invalidate cache for group Admin
23.05.2024 15:37:37: invalidate cache for group admin1
23.05.2024 16:39:22: invalidate cache for group Builder
23.05.2024 16:39:22: invalidate cache for group Mod
23.05.2024 16:39:22: invalidate cache for group Admin
23.05.2024 16:39:22: invalidate cache for group admin1
23.05.2024 17:08:33: invalidate cache for group Builder
23.05.2024 17:08:33: invalidate cache for group Mod
23.05.2024 17:08:33: invalidate cache for group Admin
23.05.2024 17:08:33: invalidate cache for group admin1
23.05.2024 17:09:30: invalidate cache for group Builder
23.05.2024 17:09:30: invalidate cache for group Mod
23.05.2024 17:09:30: invalidate cache for group Admin
23.05.2024 17:09:30: invalidate cache for group admin1
23.05.2024 17:10:01: invalidate cache for group Builder
23.05.2024 17:10:01: invalidate cache for group Mod
23.05.2024 17:10:01: invalidate cache for group Admin
23.05.2024 17:10:01: invalidate cache for group admin1
23.05.2024 17:25:20: invalidate cache for group Builder
23.05.2024 17:25:20: invalidate cache for group Mod
23.05.2024 17:25:20: invalidate cache for group Admin
23.05.2024 17:25:20: invalidate cache for group admin1
23.05.2024 17:26:05: invalidate cache for group Builder
23.05.2024 17:26:05: invalidate cache for group Mod
23.05.2024 17:26:05: invalidate cache for group Admin
23.05.2024 17:26:05: invalidate cache for group admin1
23.05.2024 17:26:34: invalidate cache for group Builder
23.05.2024 17:26:34: invalidate cache for group Mod
23.05.2024 17:26:34: invalidate cache for group Admin
23.05.2024 17:26:34: invalidate cache for group admin1
23.05.2024 17:33:06: invalidate cache for group Builder
23.05.2024 17:33:06: invalidate cache for group Mod
23.05.2024 17:33:06: invalidate cache for group Admin
23.05.2024 17:33:06: invalidate cache for group admin1
24.05.2024 09:53:21: invalidate cache for group Builder
24.05.2024 09:53:21: invalidate cache for group Mod
24.05.2024 09:53:21: invalidate cache for group Admin
24.05.2024 09:53:21: invalidate cache for group admin1
25.05.2024 16:14:41: invalidate cache for group Builder
25.05.2024 16:14:41: invalidate cache for group Mod
25.05.2024 16:14:41: invalidate cache for group Admin
25.05.2024 16:14:41: invalidate cache for group admin1
25.05.2024 16:17:58: invalidate cache for group Builder
25.05.2024 16:17:58: invalidate cache for group Mod
25.05.2024 16:17:58: invalidate cache for group Admin
25.05.2024 16:17:58: invalidate cache for group admin1
26.05.2024 09:10:58: invalidate cache for group Builder
26.05.2024 09:10:58: invalidate cache for group Mod
26.05.2024 09:10:58: invalidate cache for group Admin
26.05.2024 09:10:58: invalidate cache for group admin1
26.05.2024 11:35:06: invalidate cache for group Builder
26.05.2024 11:35:06: invalidate cache for group Mod
26.05.2024 11:35:06: invalidate cache for group Admin
26.05.2024 11:35:06: invalidate cache for group admin1
30.05.2024 20:52:05: invalidate cache for group Builder
30.05.2024 20:52:05: invalidate cache for group Mod
30.05.2024 20:52:05: invalidate cache for group Admin
30.05.2024 20:52:05: invalidate cache for group admin1
31.05.2024 15:48:48: invalidate cache for group Builder
31.05.2024 15:48:48: invalidate cache for group Mod
31.05.2024 15:48:48: invalidate cache for group Admin
31.05.2024 15:48:48: invalidate cache for group admin1
31.05.2024 15:50:03: invalidate cache for user mirco54654
31.05.2024 16:31:48: invalidate cache for group Builder
31.05.2024 16:31:48: invalidate cache for group Mod
31.05.2024 16:31:48: invalidate cache for group Admin
31.05.2024 16:31:48: invalidate cache for group admin1
31.05.2024 16:35:56: invalidate cache for user mirco54654
31.05.2024 16:35:57: invalidate cache for user mirco54654
31.05.2024 16:36:22: invalidate cache for group Builder
31.05.2024 16:36:22: invalidate cache for group Mod
31.05.2024 16:36:22: invalidate cache for group Admin
31.05.2024 16:36:22: invalidate cache for group admin1
31.05.2024 16:44:04: invalidate cache for group Builder
31.05.2024 16:44:04: invalidate cache for group Mod
31.05.2024 16:44:04: invalidate cache for group Admin
31.05.2024 16:44:04: invalidate cache for group admin1
31.05.2024 16:44:16: invalidate cache for user mirco54654
31.05.2024 17:04:57: invalidate cache for group Builder
31.05.2024 17:04:57: invalidate cache for group Mod
31.05.2024 17:04:57: invalidate cache for group Admin
31.05.2024 17:04:57: invalidate cache for group admin1
31.05.2024 17:06:10: invalidate cache for user mirco54654
31.05.2024 17:09:55: invalidate cache for group Builder
31.05.2024 17:09:55: invalidate cache for group Mod
31.05.2024 17:09:55: invalidate cache for group Admin
31.05.2024 17:09:55: invalidate cache for group admin1
31.05.2024 17:10:10: invalidate cache for user mirco54654
31.05.2024 17:10:12: invalidate cache for user mirco54654
31.05.2024 17:10:17: invalidate cache for user mirco54654
31.05.2024 17:16:15: invalidate cache for group Builder
31.05.2024 17:16:15: invalidate cache for group Mod
31.05.2024 17:16:15: invalidate cache for group Admin
31.05.2024 17:16:15: invalidate cache for group admin1
31.05.2024 17:16:30: invalidate cache for user mirco54654
31.05.2024 18:22:04: invalidate cache for group Builder
31.05.2024 18:22:04: invalidate cache for group Mod
31.05.2024 18:22:04: invalidate cache for group Admin
31.05.2024 18:22:04: invalidate cache for group admin1
31.05.2024 18:22:21: invalidate cache for user mirco54654
31.05.2024 18:33:18: invalidate cache for group Builder
31.05.2024 18:33:18: invalidate cache for group Mod
31.05.2024 18:33:18: invalidate cache for group Admin
31.05.2024 18:33:18: invalidate cache for group admin1
31.05.2024 18:33:51: invalidate cache for user mirco54654
31.05.2024 18:35:55: invalidate cache for group Builder
31.05.2024 18:35:55: invalidate cache for group Mod
31.05.2024 18:35:55: invalidate cache for group Admin
31.05.2024 18:35:55: invalidate cache for group admin1
31.05.2024 18:36:02: invalidate cache for user mirco54654
31.05.2024 18:36:46: invalidate cache for group Builder
31.05.2024 18:36:46: invalidate cache for group Mod
31.05.2024 18:36:46: invalidate cache for group Admin
31.05.2024 18:36:46: invalidate cache for group admin1
31.05.2024 18:36:55: invalidate cache for user mirco54654
31.05.2024 18:37:27: invalidate cache for group Builder
31.05.2024 18:37:27: invalidate cache for group Mod
31.05.2024 18:37:27: invalidate cache for group Admin
31.05.2024 18:37:27: invalidate cache for group admin1
31.05.2024 18:37:40: invalidate cache for user mirco54654
31.05.2024 18:40:30: invalidate cache for user mirco54654
31.05.2024 18:40:38: invalidate cache for user mirco54654
31.05.2024 18:42:55: invalidate cache for user mirco54654
31.05.2024 18:42:59: invalidate cache for user mirco54654
31.05.2024 18:43:36: invalidate cache for user mirco54654
31.05.2024 18:43:45: invalidate cache for user mirco54654
31.05.2024 18:45:07: invalidate cache for user mirco54654
31.05.2024 18:45:10: invalidate cache for user mirco54654
31.05.2024 18:45:15: invalidate cache for user mirco54654
31.05.2024 18:56:35: invalidate cache for user mirco54654
31.05.2024 18:58:12: invalidate cache for group Builder
31.05.2024 18:58:12: invalidate cache for group Mod
31.05.2024 18:58:12: invalidate cache for group Admin
31.05.2024 18:58:12: invalidate cache for group admin1
31.05.2024 18:58:46: invalidate cache for user mirco54654
31.05.2024 18:58:50: invalidate cache for user mirco54654
31.05.2024 18:58:51: invalidate cache for user mirco54654
31.05.2024 18:58:54: invalidate cache for user mirco54654
31.05.2024 18:59:12: invalidate cache for user mirco54654
31.05.2024 19:22:24: invalidate cache for user mirco54654
31.05.2024 19:22:27: invalidate cache for user mirco54654
31.05.2024 19:22:33: invalidate cache for user mirco54654
01.06.2024 10:35:01: invalidate cache for group Builder
01.06.2024 10:35:01: invalidate cache for group Mod
01.06.2024 10:35:01: invalidate cache for group Admin
01.06.2024 10:35:01: invalidate cache for group admin1
01.06.2024 10:36:03: invalidate cache for user mirco54654
01.06.2024 10:44:13: invalidate cache for group Builder
01.06.2024 10:44:13: invalidate cache for group Mod
01.06.2024 10:44:13: invalidate cache for group Admin
01.06.2024 10:44:13: invalidate cache for group admin1
01.06.2024 10:46:15: invalidate cache for user mirco54654
01.06.2024 10:51:31: invalidate cache for group Builder
01.06.2024 10:51:31: invalidate cache for group Mod
01.06.2024 10:51:31: invalidate cache for group Admin
01.06.2024 10:51:31: invalidate cache for group admin1
01.06.2024 10:52:12: invalidate cache for user mirco54654
01.06.2024 10:52:24: invalidate cache for user mirco54654
01.06.2024 11:07:59: invalidate cache for group Builder
01.06.2024 11:07:59: invalidate cache for group Mod
01.06.2024 11:07:59: invalidate cache for group Admin
01.06.2024 11:07:59: invalidate cache for group admin1
01.06.2024 11:08:25: invalidate cache for user mirco54654
01.06.2024 11:13:01: invalidate cache for group Builder
01.06.2024 11:13:01: invalidate cache for group Mod
01.06.2024 11:13:01: invalidate cache for group Admin
01.06.2024 11:13:01: invalidate cache for group admin1
01.06.2024 11:13:50: invalidate cache for user mirco54654
01.06.2024 11:13:53: invalidate cache for user mirco54654
01.06.2024 11:13:56: invalidate cache for user mirco54654
01.06.2024 11:13:57: invalidate cache for user mirco54654
01.06.2024 11:14:01: invalidate cache for user mirco54654
01.06.2024 11:49:52: invalidate cache for user mirco54654
01.06.2024 11:51:59: invalidate cache for user mirco54654
01.06.2024 11:52:03: invalidate cache for user mirco54654
01.06.2024 11:52:08: invalidate cache for user mirco54654
01.06.2024 11:53:46: invalidate cache for user mirco54654
01.06.2024 11:53:50: invalidate cache for user mirco54654
01.06.2024 12:03:17: invalidate cache for user mirco54654
01.06.2024 12:14:40: invalidate cache for group Builder
01.06.2024 12:14:40: invalidate cache for group Mod
01.06.2024 12:14:40: invalidate cache for group Admin
01.06.2024 12:14:40: invalidate cache for group admin1
01.06.2024 12:15:11: invalidate cache for group Builder
01.06.2024 12:15:11: invalidate cache for group Mod
01.06.2024 12:15:11: invalidate cache for group Admin
01.06.2024 12:15:11: invalidate cache for group admin1
01.06.2024 12:18:58: invalidate cache for group Builder
01.06.2024 12:18:58: invalidate cache for group Mod
01.06.2024 12:18:58: invalidate cache for group Admin
01.06.2024 12:18:58: invalidate cache for group admin1
01.06.2024 12:19:41: invalidate cache for user mirco54654
01.06.2024 12:19:45: invalidate cache for user mirco54654
01.06.2024 12:34:10: invalidate cache for group Builder
01.06.2024 12:34:10: invalidate cache for group Mod
01.06.2024 12:34:10: invalidate cache for group Admin
01.06.2024 12:34:10: invalidate cache for group admin1
01.06.2024 12:34:23: invalidate cache for user mirco54654
01.06.2024 12:34:26: invalidate cache for user mirco54654
01.06.2024 12:34:35: invalidate cache for user mirco54654
01.06.2024 13:34:17: invalidate cache for group Builder
01.06.2024 13:34:17: invalidate cache for group Mod
01.06.2024 13:34:17: invalidate cache for group Admin
01.06.2024 13:34:17: invalidate cache for group admin1
01.06.2024 13:35:31: invalidate cache for user mirco54654
01.06.2024 13:35:42: invalidate cache for user mirco54654
01.06.2024 13:47:34: invalidate cache for user mirco54654
01.06.2024 13:49:46: invalidate cache for user mirco54654
01.06.2024 13:50:15: invalidate cache for user mirco54654
01.06.2024 14:02:58: invalidate cache for user mirco54654
01.06.2024 14:03:00: invalidate cache for user mirco54654
01.06.2024 14:03:09: invalidate cache for user mirco54654
01.06.2024 14:17:15: invalidate cache for group Builder
01.06.2024 14:17:15: invalidate cache for group Mod
01.06.2024 14:17:15: invalidate cache for group Admin
01.06.2024 14:17:15: invalidate cache for group admin1
01.06.2024 14:19:41: invalidate cache for user mirco54654
01.06.2024 18:57:00: invalidate cache for user mirco54654
01.06.2024 21:10:12: invalidate cache for user mirco54654
01.06.2024 22:06:30: invalidate cache for user mirco54654
01.06.2024 22:16:49: invalidate cache for group Builder
01.06.2024 22:16:49: invalidate cache for group Mod
01.06.2024 22:16:49: invalidate cache for group Admin
01.06.2024 22:16:49: invalidate cache for group admin1
01.06.2024 22:17:29: invalidate cache for user mirco54654
01.06.2024 22:17:33: invalidate cache for user mirco54654
01.06.2024 22:17:50: invalidate cache for user mirco54654
01.06.2024 22:18:04: invalidate cache for user mirco54654
01.06.2024 22:43:47: invalidate cache for group Builder
01.06.2024 22:43:47: invalidate cache for group Mod
01.06.2024 22:43:47: invalidate cache for group Admin
01.06.2024 22:43:47: invalidate cache for group admin1
01.06.2024 22:44:48: invalidate cache for group Builder
01.06.2024 22:44:48: invalidate cache for group Mod
01.06.2024 22:44:48: invalidate cache for group Admin
01.06.2024 22:44:48: invalidate cache for group admin1
01.06.2024 22:46:15: invalidate cache for user mirco54654
01.06.2024 22:50:45: invalidate cache for group Builder
01.06.2024 22:50:45: invalidate cache for group admin1
01.06.2024 22:50:45: invalidate cache for group Mod
01.06.2024 22:50:45: invalidate cache for group Admin
01.06.2024 22:50:45: invalidate cache for user Osoiwain1
01.06.2024 22:50:45: invalidate cache for user mirco54654
01.06.2024 22:51:48: invalidate cache for user Osoiwain1
01.06.2024 22:51:48: invalidate cache for user Osoiwain1
02.06.2024 08:30:51: invalidate cache for group Builder
02.06.2024 08:30:51: invalidate cache for group Mod
02.06.2024 08:30:51: invalidate cache for group Admin
02.06.2024 08:30:51: invalidate cache for group admin1
02.06.2024 08:30:57: invalidate cache for user mirco54654
02.06.2024 08:31:01: invalidate cache for user mirco54654
02.06.2024 08:33:48: invalidate cache for user mirco54654
02.06.2024 08:34:42: invalidate cache for user mirco54654
02.06.2024 08:35:33: invalidate cache for user mirco54654
02.06.2024 08:36:45: invalidate cache for user mirco54654
02.06.2024 08:49:57: invalidate cache for group Builder
02.06.2024 08:49:57: invalidate cache for group Mod
02.06.2024 08:49:57: invalidate cache for group Admin
02.06.2024 08:49:57: invalidate cache for group admin1
02.06.2024 08:50:31: invalidate cache for user mirco54654
02.06.2024 08:50:33: invalidate cache for user mirco54654
02.06.2024 08:53:33: invalidate cache for group Builder
02.06.2024 08:53:33: invalidate cache for group Mod
02.06.2024 08:53:33: invalidate cache for group Admin
02.06.2024 08:53:33: invalidate cache for group admin1
02.06.2024 08:54:06: invalidate cache for group Builder
02.06.2024 08:54:06: invalidate cache for group Mod
02.06.2024 08:54:06: invalidate cache for group Admin
02.06.2024 08:54:06: invalidate cache for group admin1
02.06.2024 08:54:14: invalidate cache for user mirco54654
02.06.2024 09:07:14: invalidate cache for group Builder
02.06.2024 09:07:14: invalidate cache for group Mod
02.06.2024 09:07:14: invalidate cache for group Admin
02.06.2024 09:07:14: invalidate cache for group admin1
02.06.2024 09:07:31: invalidate cache for user mirco54654
02.06.2024 09:22:12: invalidate cache for user mirco54654
02.06.2024 09:22:21: invalidate cache for user mirco54654
02.06.2024 09:36:19: invalidate cache for user mirco54654
02.06.2024 09:36:21: invalidate cache for user mirco54654
02.06.2024 09:40:05: invalidate cache for user mirco54654
02.06.2024 09:40:12: invalidate cache for user mirco54654
02.06.2024 10:03:18: invalidate cache for user mirco54654
02.06.2024 10:03:32: invalidate cache for user mirco54654
02.06.2024 10:11:05: invalidate cache for group Builder
02.06.2024 10:11:05: invalidate cache for group Mod
02.06.2024 10:11:05: invalidate cache for group Admin
02.06.2024 10:11:05: invalidate cache for group admin1
02.06.2024 10:11:54: invalidate cache for user mirco54654
02.06.2024 10:11:57: invalidate cache for user mirco54654
02.06.2024 10:23:38: invalidate cache for group Builder
02.06.2024 10:23:38: invalidate cache for group Mod
02.06.2024 10:23:38: invalidate cache for group Admin
02.06.2024 10:23:38: invalidate cache for group admin1
02.06.2024 10:34:43: invalidate cache for group Builder
02.06.2024 10:34:43: invalidate cache for group Mod
02.06.2024 10:34:43: invalidate cache for group Admin
02.06.2024 10:34:43: invalidate cache for group admin1
04.06.2024 14:42:02: invalidate cache for group Builder
04.06.2024 14:42:02: invalidate cache for group Mod
04.06.2024 14:42:02: invalidate cache for group Admin
04.06.2024 14:42:02: invalidate cache for group admin1
04.06.2024 14:55:19: invalidate cache for group Builder
04.06.2024 14:55:19: invalidate cache for group Mod
04.06.2024 14:55:19: invalidate cache for group Admin
04.06.2024 14:55:19: invalidate cache for group admin1
04.06.2024 14:55:28: invalidate cache for user mirco54654
04.06.2024 15:20:17: invalidate cache for user mirco54654
04.06.2024 15:33:36: invalidate cache for user mirco54654
04.06.2024 15:41:02: invalidate cache for user mirco54654
04.06.2024 15:43:54: invalidate cache for user mirco54654
04.06.2024 16:15:52: invalidate cache for user mirco54654
04.06.2024 20:48:34: invalidate cache for group Builder
04.06.2024 20:48:34: invalidate cache for group Mod
04.06.2024 20:48:34: invalidate cache for group Admin
04.06.2024 20:48:34: invalidate cache for group admin1
04.06.2024 20:53:22: invalidate cache for group Builder
04.06.2024 20:53:22: invalidate cache for group Mod
04.06.2024 20:53:22: invalidate cache for group Admin
04.06.2024 20:53:22: invalidate cache for group admin1
04.06.2024 20:59:51: invalidate cache for group Builder
04.06.2024 20:59:51: invalidate cache for group Mod
04.06.2024 20:59:51: invalidate cache for group Admin
04.06.2024 20:59:51: invalidate cache for group admin1
05.06.2024 14:38:01: invalidate cache for group Builder
05.06.2024 14:38:01: invalidate cache for group Mod
05.06.2024 14:38:01: invalidate cache for group Admin
05.06.2024 14:38:02: invalidate cache for group admin1
05.06.2024 14:40:13: invalidate cache for user mirco54654
05.06.2024 14:40:16: invalidate cache for user mirco54654
05.06.2024 18:10:56: invalidate cache for user mirco54654
05.06.2024 19:21:36: invalidate cache for user mirco54654
05.06.2024 19:22:13: invalidate cache for user mirco54654
05.06.2024 19:31:18: invalidate cache for user mirco54654
05.06.2024 20:07:24: invalidate cache for user mirco54654
05.06.2024 20:07:59: invalidate cache for user mirco54654
05.06.2024 20:15:08: invalidate cache for user mirco54654
06.06.2024 14:27:10: invalidate cache for user mirco54654
07.06.2024 11:21:18: invalidate cache for group Builder
07.06.2024 11:21:18: invalidate cache for group Mod
07.06.2024 11:21:18: invalidate cache for group Admin
07.06.2024 11:21:18: invalidate cache for group admin1
07.06.2024 11:30:23: invalidate cache for group Builder
07.06.2024 11:30:23: invalidate cache for group Mod
07.06.2024 11:30:23: invalidate cache for group Admin
07.06.2024 11:30:23: invalidate cache for group admin1
07.06.2024 11:30:51: invalidate cache for user mirco54654
07.06.2024 14:28:41: invalidate cache for user mirco54654
07.06.2024 14:30:55: invalidate cache for user mirco54654
07.06.2024 14:42:43: invalidate cache for group Builder
07.06.2024 14:42:43: invalidate cache for group Mod
07.06.2024 14:42:43: invalidate cache for group Admin
07.06.2024 14:42:43: invalidate cache for group admin1
07.06.2024 14:43:29: invalidate cache for user mirco54654
07.06.2024 14:43:33: invalidate cache for user mirco54654
07.06.2024 15:26:58: invalidate cache for user mirco54654
08.06.2024 11:58:00: invalidate cache for group Builder
08.06.2024 11:58:00: invalidate cache for group Mod
08.06.2024 11:58:00: invalidate cache for group Admin
08.06.2024 11:58:00: invalidate cache for group admin1
08.06.2024 12:01:18: invalidate cache for user mirco54654
09.06.2024 08:54:09: invalidate cache for group Builder
09.06.2024 08:54:09: invalidate cache for group Mod
09.06.2024 08:54:09: invalidate cache for group Admin
09.06.2024 08:54:09: invalidate cache for group admin1
09.06.2024 09:04:40: invalidate cache for user mirco54654
09.06.2024 09:04:54: invalidate cache for user mirco54654
09.06.2024 09:05:04: invalidate cache for user mirco54654
09.06.2024 09:16:04: invalidate cache for group Builder
09.06.2024 09:16:04: invalidate cache for group Mod
09.06.2024 09:16:04: invalidate cache for group Admin
09.06.2024 09:16:04: invalidate cache for group admin1
09.06.2024 09:17:22: invalidate cache for user mirco54654
09.06.2024 09:17:26: invalidate cache for user mirco54654
09.06.2024 09:17:37: invalidate cache for user mirco54654
09.06.2024 09:33:16: invalidate cache for user mirco54654
