(2024-05-31 14:47:16) west666 was flagged [Check: TimerA (MovementTimer)] [Violations: 1/3] [TPS: 19,45] [Ping: 1ms (high stability)] [Client: Unknown] [Location: world -32,46 143,00 1,34]
(2024-05-31 15:23:37) west666 was flagged [Check: TimerA (MovementTimer)] [Violations: 1/3] [TPS: 19,33] [Ping: 0ms (high stability)] [Client: Unknown] [Location: world -17,90 141,00 32,51]
(2024-05-31 15:52:23) west666 was flagged [Check: FlightA (Acceleration)] [Violations: 1/40] [TPS: 19,29] [Ping: 3ms (high stability)] [Client: Unknown] [Location: world -30,40 144,08 9,25]
(2024-05-31 15:52:32) west666 was flagged [Check: SpeedC (Prediction)] [Violations: 5/40] [TPS: 19,28] [Ping: 0ms (high stability)] [Client: Unknown] [Location: world 3,21 138,02 22,26]
(2024-05-31 16:37:20) west666 was flagged [Check: FlightB (Flight)] [Violations: 1/40] [TPS: 19,18] [Ping: 0ms (high stability)] [Client: Unknown] [Location: world -32,49 144,62 5,37]
(2024-05-31 16:49:01) west666 was flagged [Check: TimerA (MovementTimer)] [Violations: 1/3] [TPS: 19,29] [Ping: 0ms (high stability)] [Client: Unknown] [Location: world -33,22 143,00 1,69]
(2024-05-31 16:49:21) west666 was flagged [Check: TimerA (MovementTimer)] [Violations: 2/3] [TPS: 19,08] [Ping: 0ms (high stability)] [Client: Unknown] [Location: world -33,22 143,00 1,69]
(2024-05-31 16:50:25) west666 was flagged [Check: TimerA (MovementTimer)] [Violations: 3/3] [TPS: 20,00] [Ping: 0ms (high stability)] [Client: Unknown] [Location: world -33,22 143,00 1,69]
(2024-05-31 16:50:25) west666 was punished [Check: TimerA (MovementTimer)] [Violations: 3/3] [TPS: 20,00]  [Ping: 0ms (high stability)] [Client: Unknown] [Location: world -33,22 143,00 1,69]
(2024-05-31 17:21:37) west666 was flagged [Check: TimerA (MovementTimer)] [Violations: 1/3] [TPS: 17,98] [Ping: 0ms (high stability)] [Client: Unknown] [Location: world -31,72 142,00 17,26]
(2024-05-31 17:23:21) west666 was flagged [Check: FlightB (Flight)] [Violations: 1/40] [TPS: 19,71] [Ping: 0ms (high stability)] [Client: Unknown] [Location: world -30,91 143,60 13,43]
(2024-05-31 17:23:22) west666 was flagged [Check: FlightC (Vector)] [Violations: 1/40] [TPS: 19,71] [Ping: 0ms (high stability)] [Client: Unknown] [Location: world -30,78 145,36 13,31]
(2024-05-31 17:24:33) west666 was flagged [Check: FlightB (Flight)] [Violations: 3/40] [TPS: 19,66] [Ping: 1ms (high stability)] [Client: Unknown] [Location: world -29,31 143,97 10,39]
(2024-05-31 17:29:06) west666 was flagged [Check: FlightB (Flight)] [Violations: 1/40] [TPS: 19,15] [Ping: 1ms (high stability)] [Client: Unknown] [Location: world -41,01 144,17 16,09]
(2024-05-31 17:29:27) west666 was flagged [Check: FlightC (Vector)] [Violations: 1/40] [TPS: 19,53] [Ping: 0ms (high stability)] [Client: Unknown] [Location: world 5,41 138,25 23,43]
(2024-05-31 17:43:52) west666 was flagged [Check: TimerA (MovementTimer)] [Violations: 1/3] [TPS: 16,82] [Ping: 0ms (high stability)] [Client: Unknown] [Location: world -10,14 138,00 30,53]
(2024-05-31 17:46:50) west666 was flagged [Check: TimerA (MovementTimer)] [Violations: 2/3] [TPS: 17,28] [Ping: 0ms (high stability)] [Client: Unknown] [Location: world -10,14 138,00 30,53]
(2024-05-31 17:47:50) west666 was flagged [Check: TimerA (MovementTimer)] [Violations: 1/3] [TPS: 19,02] [Ping: 0ms (high stability)] [Client: Unknown] [Location: world -10,14 138,00 30,53]
(2024-05-31 17:54:51) west666 was flagged [Check: TimerA (MovementTimer)] [Violations: 1/3] [TPS: 17,37] [Ping: 0ms (high stability)] [Client: Unknown] [Location: world -33,99 142,00 11,42]
(2024-05-31 17:55:13) west666 was flagged [Check: TimerA (MovementTimer)] [Violations: 2/3] [TPS: 16,15] [Ping: 0ms (high stability)] [Client: Unknown] [Location: world -33,99 142,00 11,42]
(2024-05-31 18:53:05) west666 was flagged [Check: FlightB (Flight)] [Violations: 1/40] [TPS: 19,78] [Ping: 1ms (high stability)] [Client: Unknown] [Location: world -32,71 144,98 6,90]
(2024-05-31 19:03:14) west666 was flagged [Check: TimerA (MovementTimer)] [Violations: 1/3] [TPS: 18,39] [Ping: 35ms (high stability)] [Client: Unknown] [Location: world_the_end 100,03 49,00 -0,13]
(2024-05-31 19:03:16) west666 was flagged [Check: TimerA (MovementTimer)] [Violations: 2/3] [TPS: 18,35] [Ping: 35ms (high stability)] [Client: Unknown] [Location: world_the_end 100,03 49,00 -0,13]
(2024-05-31 19:03:18) west666 was punished [Check: TimerA (MovementTimer)] [Violations: 3/3] [TPS: 18,35]  [Ping: 26ms (high stability)] [Client: Unknown] [Location: world_the_end 100,03 49,00 -0,13]
(2024-05-31 19:03:18) west666 was flagged [Check: TimerA (MovementTimer)] [Violations: 3/3] [TPS: 18,35] [Ping: 26ms (high stability)] [Client: Unknown] [Location: world_the_end 100,03 49,00 -0,13]
(2024-05-31 19:14:23) west666 was flagged [Check: TimerA (MovementTimer)] [Violations: 1/3] [TPS: 19,72] [Ping: 20ms (high stability)] [Client: Unknown] [Location: world 7,33 136,50 26,11]
(2024-05-31 19:14:26) west666 was flagged [Check: TimerA (MovementTimer)] [Violations: 2/3] [TPS: 18,85] [Ping: 20ms (high stability)] [Client: Unknown] [Location: world 7,33 136,50 26,11]
(2024-05-31 19:17:02) west666 was flagged [Check: TimerA (MovementTimer)] [Violations: 3/3] [TPS: 19,26] [Ping: 20ms (high stability)] [Client: Unknown] [Location: world 7,33 136,50 26,11]
(2024-05-31 19:17:02) west666 was punished [Check: TimerA (MovementTimer)] [Violations: 3/3] [TPS: 19,26]  [Ping: 20ms (high stability)] [Client: Unknown] [Location: world 7,33 136,50 26,11]
(2024-05-31 19:21:23) west666 was flagged [Check: TimerA (MovementTimer)] [Violations: 1/3] [TPS: 18,49] [Ping: 20ms (high stability)] [Client: Unknown] [Location: world -14,52 139,00 27,70]
