(2024-06-01 10:36:25) west666 was flagged [Check: FlightA (Acceleration)] [Violations: 1/40] [TPS: 17,80] [Ping: 8ms (high stability)] [Client: Unknown] [Location: world -22,13 148,06 15,80]
(2024-06-01 10:36:27) west666 was flagged [Check: SpeedE (Limiter)] [Violations: 1/30] [TPS: 16,92] [Ping: 561ms (medium stability)] [Client: Unknown] [Location: world -31,29 146,24 4,77]
(2024-06-01 10:36:28) west666 was flagged [Check: SpeedC (Prediction)] [Violations: 7/40] [TPS: 16,92] [Ping: 561ms (medium stability)] [Client: Unknown] [Location: world -33,41 144,55 1,94]
(2024-06-01 10:36:30) west666 was flagged [Check: TimerA (MovementTimer)] [Violations: 1/3] [TPS: 16,92] [Ping: 561ms (medium stability)] [Client: Unknown] [Location: world -35,26 143,00 1,78]
(2024-06-01 10:36:44) west666 was flagged [Check: SpeedE (Limiter)] [Violations: 8/30] [TPS: 17,24] [Ping: 367ms (high stability)] [Client: Unknown] [Location: world -20,78 145,29 35,15]
(2024-06-01 10:36:45) west666 was flagged [Check: SpeedB (Ground)] [Violations: 1/35] [TPS: 17,24] [Ping: 367ms (medium stability)] [Client: Unknown] [Location: world -24,41 142,00 31,30]
(2024-06-01 10:37:05) west666 was flagged [Check: TimerA (MovementTimer)] [Violations: 2/3] [TPS: 15,38] [Ping: 164ms (high stability)] [Client: Unknown] [Location: world -24,64 142,00 4,31]
(2024-06-01 10:37:19) west666 was flagged [Check: FlightB (Flight)] [Violations: 1/40] [TPS: 16,37] [Ping: 25ms (high stability)] [Client: Unknown] [Location: world -24,41 144,32 11,77]
(2024-06-01 10:38:05) west666 was flagged [Check: SpeedB (Ground)] [Violations: 5/35] [TPS: 19,36] [Ping: 2ms (high stability)] [Client: Unknown] [Location: world -43,34 141,00 16,93]
(2024-06-01 10:38:06) west666 was punished [Check: TimerA (MovementTimer)] [Violations: 3/3] [TPS: 19,36]  [Ping: 2ms (high stability)] [Client: Unknown] [Location: world -47,01 141,00 15,84]
(2024-06-01 10:38:19) west666 was flagged [Check: FlightB (Flight)] [Violations: 1/40] [TPS: 19,33] [Ping: 112ms (high stability)] [Client: Unknown] [Location: world -30,51 143,90 9,02]
(2024-06-01 10:40:50) west666 was flagged [Check: TimerA (MovementTimer)] [Violations: 1/3] [TPS: 19,42] [Ping: 2ms (high stability)] [Client: Unknown] [Location: world -24,39 142,00 5,89]
(2024-06-01 10:57:42) west666 was flagged [Check: TimerA (MovementTimer)] [Violations: 1/3] [TPS: 16,51] [Ping: 74ms (high stability)] [Client: Unknown] [Location: world -33,01 143,00 1,98]
(2024-06-01 11:15:29) west666 was flagged [Check: SpeedC (Prediction)] [Violations: 1/40] [TPS: 19,08] [Ping: 4ms (high stability)] [Client: Unknown] [Location: world -31,97 142,48 14,42]
(2024-06-01 11:15:32) west666 was flagged [Check: SpeedC (Prediction)] [Violations: 5/40] [TPS: 19,04] [Ping: 3ms (high stability)] [Client: Unknown] [Location: world -29,35 144,75 25,65]
(2024-06-01 11:16:23) west666 was flagged [Check: TimerA (MovementTimer)] [Violations: 1/3] [TPS: 19,00] [Ping: 13ms (high stability)] [Client: Unknown] [Location: world -36,78 142,00 8,71]
(2024-06-01 11:16:36) west666 was flagged [Check: TimerA (MovementTimer)] [Violations: 2/3] [TPS: 18,33] [Ping: 203ms (high stability)] [Client: Unknown] [Location: world -36,78 142,00 8,71]
(2024-06-01 11:27:44) west666 was flagged [Check: TimerA (MovementTimer)] [Violations: 1/3] [TPS: 19,38] [Ping: 3ms (high stability)] [Client: Unknown] [Location: world -34,30 144,70 8,14]
(2024-06-01 11:27:46) west666 was flagged [Check: FlightB (Flight)] [Violations: 6/40] [TPS: 19,40] [Ping: 3ms (high stability)] [Client: Unknown] [Location: world -19,39 152,50 7,88]
(2024-06-01 11:27:47) west666 was flagged [Check: TimerA (MovementTimer)] [Violations: 2/3] [TPS: 19,40] [Ping: 2ms (high stability)] [Client: Unknown] [Location: world -23,11 142,00 8,74]
(2024-06-01 11:27:49) west666 was punished [Check: TimerA (MovementTimer)] [Violations: 3/3] [TPS: 19,40]  [Ping: 1ms (high stability)] [Client: Unknown] [Location: world -23,11 142,00 8,74]
(2024-06-01 11:27:49) west666 was flagged [Check: TimerA (MovementTimer)] [Violations: 3/3] [TPS: 19,40] [Ping: 1ms (high stability)] [Client: Unknown] [Location: world -23,11 142,00 8,74]
(2024-06-01 11:28:27) west666 was flagged [Check: TimerA (MovementTimer)] [Violations: 1/3] [TPS: 19,26] [Ping: 1ms (high stability)] [Client: Unknown] [Location: world -32,46 143,00 1,34]
(2024-06-01 11:28:37) west666 was flagged [Check: TimerA (MovementTimer)] [Violations: 2/3] [TPS: 19,21] [Ping: 1ms (high stability)] [Client: Unknown] [Location: world -32,46 143,00 1,34]
(2024-06-01 11:28:43) west666 was punished [Check: TimerA (MovementTimer)] [Violations: 3/3] [TPS: 19,26]  [Ping: 1ms (high stability)] [Client: Unknown] [Location: world -32,46 143,00 1,34]
(2024-06-01 11:28:43) west666 was flagged [Check: TimerA (MovementTimer)] [Violations: 3/3] [TPS: 19,26] [Ping: 1ms (high stability)] [Client: Unknown] [Location: world -32,46 143,00 1,34]
(2024-06-01 11:32:21) west666 was flagged [Check: FlightB (Flight)] [Violations: 1/40] [TPS: 18,47] [Ping: 1ms (high stability)] [Client: Unknown] [Location: world -25,24 149,80 27,70]
(2024-06-01 11:32:22) west666 was flagged [Check: FlightB (Flight)] [Violations: 12/40] [TPS: 18,47] [Ping: 1ms (high stability)] [Client: Unknown] [Location: world -21,53 151,10 26,76]
(2024-06-01 11:32:23) west666 was flagged [Check: FlightB (Flight)] [Violations: 19/40] [TPS: 18,47] [Ping: 1ms (high stability)] [Client: Unknown] [Location: world -21,53 143,30 26,76]
(2024-06-01 11:32:26) west666 was flagged [Check: TimerA (MovementTimer)] [Violations: 2/3] [TPS: 18,17] [Ping: 1ms (high stability)] [Client: Unknown] [Location: world -21,53 142,00 26,76]
(2024-06-01 11:32:28) west666 was flagged [Check: TimerA (MovementTimer)] [Violations: 3/3] [TPS: 18,17] [Ping: 1ms (high stability)] [Client: Unknown] [Location: world -21,53 142,00 26,76]
(2024-06-01 11:32:28) west666 was punished [Check: TimerA (MovementTimer)] [Violations: 3/3] [TPS: 18,17]  [Ping: 1ms (high stability)] [Client: Unknown] [Location: world -21,53 142,00 26,76]
(2024-06-01 11:33:07) west666 was flagged [Check: FlightA (Acceleration)] [Violations: 1/40] [TPS: 19,70] [Ping: 1ms (high stability)] [Client: Unknown] [Location: world -35,99 143,02 7,99]
(2024-06-01 11:33:08) west666 was punished [Check: FlightC (Vector)] [Violations: 40/40] [TPS: 19,70]  [Ping: 1ms (high stability)] [Client: Unknown] [Location: world -35,99 143,00 7,99]
(2024-06-01 11:33:20) west666 was flagged [Check: FlightB (Flight)] [Violations: 1/40] [TPS: 19,64] [Ping: 1ms (high stability)] [Client: Unknown] [Location: world -33,77 143,90 11,29]
(2024-06-01 11:35:57) west666 was flagged [Check: AutoBotA (AutoBot)] [Violations: 1/3] [TPS: 19,77] [Ping: 1ms (high stability)] [Client: Unknown] [Location: world -32,46 143,00 1,34]
(2024-06-01 11:37:10) west666 was flagged [Check: FlightB (Flight)] [Violations: 1/40] [TPS: 17,42] [Ping: 1ms (high stability)] [Client: Unknown] [Location: world -32,45 152,10 0,92]
(2024-06-01 11:37:12) west666 was flagged [Check: FlightB (Flight)] [Violations: 12/40] [TPS: 17,42] [Ping: 1ms (high stability)] [Client: Unknown] [Location: world -30,99 152,10 9,70]
(2024-06-01 11:37:13) west666 was flagged [Check: FlightB (Flight)] [Violations: 30/40] [TPS: 17,42] [Ping: 1ms (high stability)] [Client: Unknown] [Location: world -29,47 159,90 35,10]
(2024-06-01 11:37:13) west666 was punished [Check: FlightB (Flight)] [Violations: 40/40] [TPS: 17,42]  [Ping: 1ms (high stability)] [Client: Unknown] [Location: world -29,47 167,70 35,10]
(2024-06-01 11:37:13) west666 was flagged [Check: JumpB (Height)] [Violations: 1/20] [TPS: 17,42] [Ping: 1ms (high stability)] [Client: Unknown] [Location: world -29,47 167,70 35,10]
(2024-06-01 11:38:35) west666 was flagged [Check: SpeedA (Horizontal)] [Violations: 1/30] [TPS: 19,60] [Ping: 1ms (high stability)] [Client: Unknown] [Location: world -37,78 143,00 -3,91]
(2024-06-01 11:38:46) west666 was flagged [Check: SpeedC (Prediction)] [Violations: 11/40] [TPS: 19,69] [Ping: 1ms (high stability)] [Client: Unknown] [Location: world -29,97 142,02 15,08]
(2024-06-01 11:38:47) west666 was flagged [Check: SpeedC (Prediction)] [Violations: 24/40] [TPS: 19,69] [Ping: 1ms (high stability)] [Client: Unknown] [Location: world -23,50 142,02 25,63]
(2024-06-01 11:38:48) west666 was flagged [Check: SpeedC (Prediction)] [Violations: 35/40] [TPS: 19,69] [Ping: 1ms (high stability)] [Client: Unknown] [Location: world -15,98 140,83 32,39]
(2024-06-01 11:38:50) west666 was flagged [Check: SpeedC (Prediction)] [Violations: 36/40] [TPS: 19,69] [Ping: 1ms (high stability)] [Client: Unknown] [Location: world -14,06 140,02 32,57]
(2024-06-01 11:38:51) west666 was flagged [Check: SpeedC (Prediction)] [Violations: 39/40] [TPS: 19,74] [Ping: 1ms (high stability)] [Client: Unknown] [Location: world -10,95 138,62 28,89]
(2024-06-01 11:38:51) west666 was punished [Check: SpeedC (Prediction)] [Violations: 40/40] [TPS: 19,74]  [Ping: 1ms (high stability)] [Client: Unknown] [Location: world -10,95 138,62 28,89]
(2024-06-01 11:50:45) west666 was flagged [Check: TimerA (MovementTimer)] [Violations: 1/3] [TPS: 19,04] [Ping: 28ms (high stability)] [Client: Unknown] [Location: world -3,47 136,00 28,36]
(2024-06-01 12:06:03) west666 was flagged [Check: TimerA (MovementTimer)] [Violations: 1/3] [TPS: 14,71] [Ping: 29ms (high stability)] [Client: Unknown] [Location: world -28,33 142,00 6,53]
(2024-06-01 12:06:57) west666 was flagged [Check: TimerA (MovementTimer)] [Violations: 2/3] [TPS: 17,74] [Ping: 2ms (high stability)] [Client: Unknown] [Location: world -28,33 142,00 6,53]
(2024-06-01 12:08:03) west666 was punished [Check: TimerA (MovementTimer)] [Violations: 3/3] [TPS: 12,18]  [Ping: 8ms (high stability)] [Client: Unknown] [Location: world -27,98 142,00 6,75]
(2024-06-01 12:08:03) west666 was flagged [Check: TimerA (MovementTimer)] [Violations: 3/3] [TPS: 12,18] [Ping: 8ms (high stability)] [Client: Unknown] [Location: world -27,98 142,00 6,75]
