(2024-05-21 15:35:08) fdrco54654dfgdf was flagged [Check: TimerA (MovementTimer)] [Violations: 1/3] [TPS: 17,64] [Ping: 0ms (high stability)] [Client: Unknown] [Location: world 20,55 5,00 13,17]
(2024-05-21 15:35:22) fdrco54654dfgdf was flagged [Check: TimerA (MovementTimer)] [Violations: 2/3] [TPS: 16,59] [Ping: 74ms (high stability)] [Client: Unknown] [Location: world 20,55 5,00 13,17]
(2024-05-21 15:35:26) fdrco54654dfgdf was punished [Check: TimerA (MovementTimer)] [Violations: 3/3] [TPS: 16,59]  [Ping: 55ms (high stability)] [Client: Unknown] [Location: world 20,55 5,00 13,17]
(2024-05-21 15:35:25) fdrco54654dfgdf was flagged [Check: TimerA (MovementTimer)] [Violations: 3/3] [TPS: 16,59] [Ping: 55ms (high stability)] [Client: Unknown] [Location: world 20,55 5,00 13,17]
(2024-05-21 15:38:07) fdrco54654dfgdf was flagged [Check: TimerA (MovementTimer)] [Violations: 1/3] [TPS: 19,90] [Ping: 0ms (medium stability)] [Client: Unknown] [Location: world 20,55 4,23 13,17]
(2024-05-21 15:57:56) fdrco54654dfgdf was flagged [Check: TimerA (MovementTimer)] [Violations: 1/3] [TPS: 19,31] [Ping: 0ms (high stability)] [Client: Unknown] [Location: world -40,84 137,00 -8,70]
(2024-05-21 16:00:13) fdrco54654dfgdf was flagged [Check: TimerA (MovementTimer)] [Violations: 1/3] [TPS: 19,02] [Ping: 1ms (high stability)] [Client: Unknown] [Location: world -40,84 137,00 -8,70]
(2024-05-21 20:32:13) fdrco54654dfgdf was flagged [Check: SpeedB (Ground)] [Violations: 1/35] [TPS: 19,16] [Ping: 1ms (high stability)] [Client: Unknown] [Location: world -32,05 142,00 7,10]
(2024-05-21 20:32:14) fdrco54654dfgdf was flagged [Check: SpeedB (Ground)] [Violations: 2/35] [TPS: 19,16] [Ping: 1ms (high stability)] [Client: Unknown] [Location: world -31,47 142,00 15,68]
(2024-05-21 20:32:15) fdrco54654dfgdf was flagged [Check: FlightB (Flight)] [Violations: 2/40] [TPS: 19,16] [Ping: 1ms (high stability)] [Client: Unknown] [Location: world -21,45 150,00 21,48]
(2024-05-21 20:32:16) fdrco54654dfgdf was flagged [Check: FlightA (Acceleration)] [Violations: 14/40] [TPS: 19,16] [Ping: 1ms (high stability)] [Client: Unknown] [Location: world -24,01 158,15 20,96]
(2024-05-21 20:32:17) fdrco54654dfgdf was flagged [Check: FlightB (Flight)] [Violations: 26/40] [TPS: 19,16] [Ping: 1ms (high stability)] [Client: Unknown] [Location: world -21,10 148,00 8,01]
(2024-05-21 20:32:17) fdrco54654dfgdf was punished [Check: SpeedC (Prediction)] [Violations: 40/40] [TPS: 19,16]  [Ping: 1ms (high stability)] [Client: Unknown] [Location: world -19,90 148,00 3,41]
(2024-05-21 20:32:21) fdrco54654dfgdf was flagged [Check: FlightC (Vector)] [Violations: 1/40] [TPS: 18,54] [Ping: 0ms (high stability)] [Client: Unknown] [Location: world -20,74 148,00 5,17]
(2024-05-21 20:34:09) fdrco54654dfgdf was flagged [Check: FlightA (Acceleration)] [Violations: 7/40] [TPS: 19,11] [Ping: 0ms (high stability)] [Client: Unknown] [Location: world -33,10 147,00 12,19]
(2024-05-21 20:34:10) fdrco54654dfgdf was flagged [Check: FlightA (Acceleration)] [Violations: 26/40] [TPS: 19,11] [Ping: 0ms (high stability)] [Client: Unknown] [Location: world -39,76 168,00 23,60]
(2024-05-21 20:34:10) fdrco54654dfgdf was flagged [Check: FlightB (Flight)] [Violations: 1/40] [TPS: 19,11] [Ping: 0ms (high stability)] [Client: Unknown] [Location: world -34,20 182,00 15,95]
(2024-05-21 20:34:10) fdrco54654dfgdf was punished [Check: FlightA (Acceleration)] [Violations: 40/40] [TPS: 19,11]  [Ping: 0ms (high stability)] [Client: Unknown] [Location: world -34,20 182,00 15,95]
(2024-05-21 20:34:15) fdrco54654dfgdf was flagged [Check: FlightC (Vector)] [Violations: 1/40] [TPS: 19,33] [Ping: 3ms (high stability)] [Client: Unknown] [Location: world -34,20 161,00 15,95]
(2024-05-21 20:35:22) fdrco54654dfgdf was flagged [Check: FlightB (Flight)] [Violations: 1/40] [TPS: 19,55] [Ping: 3ms (high stability)] [Client: Unknown] [Location: world -34,20 148,15 15,95]
(2024-05-21 20:35:23) fdrco54654dfgdf was flagged [Check: FlightB (Flight)] [Violations: 21/40] [TPS: 19,55] [Ping: 3ms (high stability)] [Client: Unknown] [Location: world -33,56 159,15 7,17]
(2024-05-21 20:35:24) fdrco54654dfgdf was flagged [Check: FlightB (Flight)] [Violations: 30/40] [TPS: 19,55] [Ping: 3ms (high stability)] [Client: Unknown] [Location: world -33,56 170,15 7,17]
(2024-05-21 20:35:25) fdrco54654dfgdf was flagged [Check: JumpB (Height)] [Violations: 1/20] [TPS: 19,55] [Ping: 3ms (high stability)] [Client: Unknown] [Location: world -33,56 179,15 7,17]
(2024-05-21 20:35:25) fdrco54654dfgdf was punished [Check: FlightB (Flight)] [Violations: 40/40] [TPS: 19,55]  [Ping: 3ms (high stability)] [Client: Unknown] [Location: world -33,56 179,15 7,17]
(2024-05-21 20:35:28) fdrco54654dfgdf was flagged [Check: FlightC (Vector)] [Violations: 1/40] [TPS: 19,54] [Ping: 0ms (high stability)] [Client: Unknown] [Location: world -33,95 179,15 4,26]
(2024-05-21 20:35:29) fdrco54654dfgdf was flagged [Check: FlightA (Acceleration)] [Violations: 3/40] [TPS: 19,54] [Ping: 0ms (high stability)] [Client: Unknown] [Location: world -36,16 184,15 -4,28]
(2024-05-21 20:35:31) fdrco54654dfgdf was flagged [Check: JumpB (Height)] [Violations: 13/20] [TPS: 19,54] [Ping: 0ms (high stability)] [Client: Unknown] [Location: world -36,16 206,15 -4,28]
(2024-05-21 20:35:31) fdrco54654dfgdf was flagged [Check: JumpB (Height)] [Violations: 1/20] [TPS: 19,54] [Ping: 0ms (high stability)] [Client: Unknown] [Location: world -36,16 210,15 -4,28]
(2024-05-21 20:35:31) fdrco54654dfgdf was punished [Check: FlightB (Flight)] [Violations: 40/40] [TPS: 19,54]  [Ping: 0ms (high stability)] [Client: Unknown] [Location: world -36,16 210,15 -4,28]
(2024-05-21 20:35:36) fdrco54654dfgdf was flagged [Check: FlightC (Vector)] [Violations: 1/40] [TPS: 19,43] [Ping: 0ms (high stability)] [Client: Unknown] [Location: world -36,16 213,15 -4,28]
(2024-05-21 20:35:37) fdrco54654dfgdf was flagged [Check: FlightB (Flight)] [Violations: 14/40] [TPS: 19,43] [Ping: 3ms (high stability)] [Client: Unknown] [Location: world -36,16 219,15 -4,28]
(2024-05-21 20:35:38) fdrco54654dfgdf was flagged [Check: FlightA (Acceleration)] [Violations: 10/40] [TPS: 19,43] [Ping: 3ms (high stability)] [Client: Unknown] [Location: world -36,16 211,30 -4,28]
(2024-05-21 20:35:52) fdrco54654dfgdf was flagged [Check: FlightA (Acceleration)] [Violations: 12/40] [TPS: 19,46] [Ping: 3ms (high stability)] [Client: Unknown] [Location: world -36,16 158,76 -4,28]
(2024-05-21 20:35:55) fdrco54654dfgdf was flagged [Check: FlightA (Acceleration)] [Violations: 15/40] [TPS: 19,51] [Ping: 3ms (high stability)] [Client: Unknown] [Location: world -36,16 158,76 -4,28]
(2024-05-21 20:35:56) fdrco54654dfgdf was punished [Check: FlightC (Vector)] [Violations: 40/40] [TPS: 19,51]  [Ping: 3ms (high stability)] [Client: Unknown] [Location: world -30,71 158,76 1,32]
(2024-05-21 20:35:59) fdrco54654dfgdf was flagged [Check: FlightC (Vector)] [Violations: 1/40] [TPS: 19,51] [Ping: 0ms (high stability)] [Client: Unknown] [Location: world -30,71 155,76 1,32]
(2024-05-21 20:36:02) fdrco54654dfgdf was flagged [Check: SpeedB (Ground)] [Violations: 1/35] [TPS: 19,53] [Ping: 3ms (high stability)] [Client: Unknown] [Location: world -33,65 143,00 1,41]
